490   INFO  c.J.JavaSpringBootApplication - Starting JavaSpringBootApplication using Java 1.8.0_261 on 黄柯睿的电脑 with PID 20220 (E:\CS_Project\Java_Project\JavaSpringBoot\target\classes started by Bronya in E:\CS_Project\Java_Project\JavaSpringBoot)
497   INFO  c.J.JavaSpringBootApplication - No active profile set, falling back to 1 default profile: "default"
1153  INFO  o.s.b.w.e.tomcat.TomcatWebServer - Tomcat initialized with port(s): 8765 (http)
1159  INFO  o.a.coyote.http11.Http11NioProtocol - Initializing ProtocolHandler ["http-nio-8765"]
1159  INFO  o.a.catalina.core.StandardService - Starting service [Tomcat]
1159  INFO  o.a.catalina.core.StandardEngine - Starting Servlet engine: [Apache Tomcat/9.0.62]
1248  INFO  o.a.c.c.C.[Tomcat].[localhost].[/] - Initializing Spring embedded WebApplicationContext
1248  INFO  o.s.b.w.s.c.ServletWebServerApplicationContext - Root WebApplicationContext: initialization completed in 706 ms
4534  INFO  o.a.coyote.http11.Http11NioProtocol - Starting ProtocolHandler ["http-nio-8765"]
4546  INFO  o.s.b.w.e.tomcat.TomcatWebServer - Tomcat started on port(s): 8765 (http) with context path ''
4553  INFO  c.J.JavaSpringBootApplication - Started JavaSpringBootApplication in 4.358 seconds (JVM running for 5.714)
8615  INFO  o.a.c.c.C.[Tomcat].[localhost].[/] - Initializing Spring DispatcherServlet 'dispatcherServlet'
8615  INFO  o.s.web.servlet.DispatcherServlet - Initializing Servlet 'dispatcherServlet'
8616  INFO  o.s.web.servlet.DispatcherServlet - Completed initialization in 0 ms
465   INFO  c.J.JavaSpringBootApplication - Starting JavaSpringBootApplication using Java 1.8.0_261 on 黄柯睿的电脑 with PID 18608 (E:\CS_Project\Java_Project\JavaSpringBoot\target\classes started by Bronya in E:\CS_Project\Java_Project\JavaSpringBoot)
467   INFO  c.J.JavaSpringBootApplication - No active profile set, falling back to 1 default profile: "default"
1090  INFO  o.s.b.w.e.tomcat.TomcatWebServer - Tomcat initialized with port(s): 8765 (http)
1096  INFO  o.a.coyote.http11.Http11NioProtocol - Initializing ProtocolHandler ["http-nio-8765"]
1097  INFO  o.a.catalina.core.StandardService - Starting service [Tomcat]
1097  INFO  o.a.catalina.core.StandardEngine - Starting Servlet engine: [Apache Tomcat/9.0.62]
1185  INFO  o.a.c.c.C.[Tomcat].[localhost].[/] - Initializing Spring embedded WebApplicationContext
1185  INFO  o.s.b.w.s.c.ServletWebServerApplicationContext - Root WebApplicationContext: initialization completed in 680 ms
4428  INFO  o.a.coyote.http11.Http11NioProtocol - Starting ProtocolHandler ["http-nio-8765"]
4440  INFO  o.s.b.w.e.tomcat.TomcatWebServer - Tomcat started on port(s): 8765 (http) with context path ''
4446  INFO  c.J.JavaSpringBootApplication - Started JavaSpringBootApplication in 4.27 seconds (JVM running for 5.531)
7071  INFO  o.a.c.c.C.[Tomcat].[localhost].[/] - Initializing Spring DispatcherServlet 'dispatcherServlet'
7072  INFO  o.s.web.servlet.DispatcherServlet - Initializing Servlet 'dispatcherServlet'
7072  INFO  o.s.web.servlet.DispatcherServlet - Completed initialization in 0 ms
477   INFO  c.J.JavaSpringBootApplication - Starting JavaSpringBootApplication using Java 1.8.0_261 on 黄柯睿的电脑 with PID 25492 (E:\CS_Project\Java_Project\JavaSpringBoot\target\classes started by Bronya in E:\CS_Project\Java_Project\JavaSpringBoot)
479   INFO  c.J.JavaSpringBootApplication - No active profile set, falling back to 1 default profile: "default"
1169  INFO  o.s.b.w.e.tomcat.TomcatWebServer - Tomcat initialized with port(s): 8765 (http)
1176  INFO  o.a.coyote.http11.Http11NioProtocol - Initializing ProtocolHandler ["http-nio-8765"]
1176  INFO  o.a.catalina.core.StandardService - Starting service [Tomcat]
1177  INFO  o.a.catalina.core.StandardEngine - Starting Servlet engine: [Apache Tomcat/9.0.62]
1268  INFO  o.a.c.c.C.[Tomcat].[localhost].[/] - Initializing Spring embedded WebApplicationContext
1268  INFO  o.s.b.w.s.c.ServletWebServerApplicationContext - Root WebApplicationContext: initialization completed in 750 ms
4486  INFO  o.a.coyote.http11.Http11NioProtocol - Starting ProtocolHandler ["http-nio-8765"]
4498  INFO  o.s.b.w.e.tomcat.TomcatWebServer - Tomcat started on port(s): 8765 (http) with context path ''
4506  INFO  c.J.JavaSpringBootApplication - Started JavaSpringBootApplication in 4.329 seconds (JVM running for 5.695)
4575  INFO  o.a.c.c.C.[Tomcat].[localhost].[/] - Initializing Spring DispatcherServlet 'dispatcherServlet'
4575  INFO  o.s.web.servlet.DispatcherServlet - Initializing Servlet 'dispatcherServlet'
4576  INFO  o.s.web.servlet.DispatcherServlet - Completed initialization in 1 ms
566   INFO  c.J.JavaSpringBootApplication - Starting JavaSpringBootApplication using Java 1.8.0_261 on 黄柯睿的电脑 with PID 25524 (E:\CS_Project\Java_Project\JavaSpringBoot\target\classes started by Bronya in E:\CS_Project\Java_Project\JavaSpringBoot)
568   INFO  c.J.JavaSpringBootApplication - No active profile set, falling back to 1 default profile: "default"
1321  INFO  o.s.b.w.e.tomcat.TomcatWebServer - Tomcat initialized with port(s): 8765 (http)
1327  INFO  o.a.coyote.http11.Http11NioProtocol - Initializing ProtocolHandler ["http-nio-8765"]
1328  INFO  o.a.catalina.core.StandardService - Starting service [Tomcat]
1328  INFO  o.a.catalina.core.StandardEngine - Starting Servlet engine: [Apache Tomcat/9.0.62]
1416  INFO  o.a.c.c.C.[Tomcat].[localhost].[/] - Initializing Spring embedded WebApplicationContext
1416  INFO  o.s.b.w.s.c.ServletWebServerApplicationContext - Root WebApplicationContext: initialization completed in 789 ms
4897  INFO  o.a.coyote.http11.Http11NioProtocol - Starting ProtocolHandler ["http-nio-8765"]
4910  INFO  o.s.b.w.e.tomcat.TomcatWebServer - Tomcat started on port(s): 8765 (http) with context path ''
4917  INFO  c.J.JavaSpringBootApplication - Started JavaSpringBootApplication in 4.723 seconds (JVM running for 6.192)
11633 INFO  o.a.c.c.C.[Tomcat].[localhost].[/] - Initializing Spring DispatcherServlet 'dispatcherServlet'
11634 INFO  o.s.web.servlet.DispatcherServlet - Initializing Servlet 'dispatcherServlet'
11634 INFO  o.s.web.servlet.DispatcherServlet - Completed initialization in 0 ms
483   INFO  c.J.JavaSpringBootApplication - Starting JavaSpringBootApplication using Java 1.8.0_261 on 黄柯睿的电脑 with PID 12864 (E:\CS_Project\Java_Project\JavaSpringBoot\target\classes started by Bronya in E:\CS_Project\Java_Project\JavaSpringBoot)
485   INFO  c.J.JavaSpringBootApplication - No active profile set, falling back to 1 default profile: "default"
1108  INFO  o.s.b.w.e.tomcat.TomcatWebServer - Tomcat initialized with port(s): 8765 (http)
1114  INFO  o.a.coyote.http11.Http11NioProtocol - Initializing ProtocolHandler ["http-nio-8765"]
1115  INFO  o.a.catalina.core.StandardService - Starting service [Tomcat]
1115  INFO  o.a.catalina.core.StandardEngine - Starting Servlet engine: [Apache Tomcat/9.0.62]
1206  INFO  o.a.c.c.C.[Tomcat].[localhost].[/] - Initializing Spring embedded WebApplicationContext
1206  INFO  o.s.b.w.s.c.ServletWebServerApplicationContext - Root WebApplicationContext: initialization completed in 682 ms
4806  INFO  o.a.coyote.http11.Http11NioProtocol - Starting ProtocolHandler ["http-nio-8765"]
4818  INFO  o.s.b.w.e.tomcat.TomcatWebServer - Tomcat started on port(s): 8765 (http) with context path ''
4825  INFO  c.J.JavaSpringBootApplication - Started JavaSpringBootApplication in 4.637 seconds (JVM running for 5.958)
7250  INFO  o.a.c.c.C.[Tomcat].[localhost].[/] - Initializing Spring DispatcherServlet 'dispatcherServlet'
7250  INFO  o.s.web.servlet.DispatcherServlet - Initializing Servlet 'dispatcherServlet'
7251  INFO  o.s.web.servlet.DispatcherServlet - Completed initialization in 1 ms
446   INFO  c.J.JavaSpringBootApplication - Starting JavaSpringBootApplication using Java 1.8.0_261 on 黄柯睿的电脑 with PID 18888 (E:\CS_Project\Java_Project\JavaSpringBoot\target\classes started by Bronya in E:\CS_Project\Java_Project\JavaSpringBoot)
448   INFO  c.J.JavaSpringBootApplication - No active profile set, falling back to 1 default profile: "default"
1063  INFO  o.s.b.w.e.tomcat.TomcatWebServer - Tomcat initialized with port(s): 8765 (http)
1070  INFO  o.a.coyote.http11.Http11NioProtocol - Initializing ProtocolHandler ["http-nio-8765"]
1070  INFO  o.a.catalina.core.StandardService - Starting service [Tomcat]
1070  INFO  o.a.catalina.core.StandardEngine - Starting Servlet engine: [Apache Tomcat/9.0.62]
1156  INFO  o.a.c.c.C.[Tomcat].[localhost].[/] - Initializing Spring embedded WebApplicationContext
1156  INFO  o.s.b.w.s.c.ServletWebServerApplicationContext - Root WebApplicationContext: initialization completed in 670 ms
4386  INFO  o.a.coyote.http11.Http11NioProtocol - Starting ProtocolHandler ["http-nio-8765"]
4397  INFO  o.s.b.w.e.tomcat.TomcatWebServer - Tomcat started on port(s): 8765 (http) with context path ''
4403  INFO  c.J.JavaSpringBootApplication - Started JavaSpringBootApplication in 4.235 seconds (JVM running for 5.478)
8067  INFO  o.a.c.c.C.[Tomcat].[localhost].[/] - Initializing Spring DispatcherServlet 'dispatcherServlet'
8067  INFO  o.s.web.servlet.DispatcherServlet - Initializing Servlet 'dispatcherServlet'
8068  INFO  o.s.web.servlet.DispatcherServlet - Completed initialization in 1 ms
444   INFO  c.J.JavaSpringBootApplication - Starting JavaSpringBootApplication using Java 1.8.0_261 on 黄柯睿的电脑 with PID 5292 (E:\CS_Project\Java_Project\JavaSpringBoot\target\classes started by Bronya in E:\CS_Project\Java_Project\JavaSpringBoot)
446   INFO  c.J.JavaSpringBootApplication - No active profile set, falling back to 1 default profile: "default"
1074  INFO  o.s.b.w.e.tomcat.TomcatWebServer - Tomcat initialized with port(s): 8765 (http)
1081  INFO  o.a.coyote.http11.Http11NioProtocol - Initializing ProtocolHandler ["http-nio-8765"]
1081  INFO  o.a.catalina.core.StandardService - Starting service [Tomcat]
1081  INFO  o.a.catalina.core.StandardEngine - Starting Servlet engine: [Apache Tomcat/9.0.62]
1169  INFO  o.a.c.c.C.[Tomcat].[localhost].[/] - Initializing Spring embedded WebApplicationContext
1169  INFO  o.s.b.w.s.c.ServletWebServerApplicationContext - Root WebApplicationContext: initialization completed in 684 ms
4371  INFO  o.a.coyote.http11.Http11NioProtocol - Starting ProtocolHandler ["http-nio-8765"]
4383  INFO  o.s.b.w.e.tomcat.TomcatWebServer - Tomcat started on port(s): 8765 (http) with context path ''
4390  INFO  c.J.JavaSpringBootApplication - Started JavaSpringBootApplication in 4.215 seconds (JVM running for 5.532)
10939 INFO  o.a.c.c.C.[Tomcat].[localhost].[/] - Initializing Spring DispatcherServlet 'dispatcherServlet'
10939 INFO  o.s.web.servlet.DispatcherServlet - Initializing Servlet 'dispatcherServlet'
10939 INFO  o.s.web.servlet.DispatcherServlet - Completed initialization in 0 ms
600   INFO  c.J.JavaSpringBootApplication - Starting JavaSpringBootApplication using Java 1.8.0_261 on 黄柯睿的电脑 with PID 20520 (E:\CS_Project\Java_Project\JavaSpringBoot\target\classes started by Bronya in E:\CS_Project\Java_Project\JavaSpringBoot)
602   INFO  c.J.JavaSpringBootApplication - No active profile set, falling back to 1 default profile: "default"
1370  INFO  o.s.b.w.e.tomcat.TomcatWebServer - Tomcat initialized with port(s): 8765 (http)
1378  INFO  o.a.coyote.http11.Http11NioProtocol - Initializing ProtocolHandler ["http-nio-8765"]
1379  INFO  o.a.catalina.core.StandardService - Starting service [Tomcat]
1379  INFO  o.a.catalina.core.StandardEngine - Starting Servlet engine: [Apache Tomcat/9.0.62]
1490  INFO  o.a.c.c.C.[Tomcat].[localhost].[/] - Initializing Spring embedded WebApplicationContext
1490  INFO  o.s.b.w.s.c.ServletWebServerApplicationContext - Root WebApplicationContext: initialization completed in 847 ms
5804  INFO  o.a.coyote.http11.Http11NioProtocol - Starting ProtocolHandler ["http-nio-8765"]
5816  INFO  o.s.b.w.e.tomcat.TomcatWebServer - Tomcat started on port(s): 8765 (http) with context path ''
5825  INFO  c.J.JavaSpringBootApplication - Started JavaSpringBootApplication in 5.545 seconds (JVM running for 7.007)
6022  INFO  o.a.c.c.C.[Tomcat].[localhost].[/] - Initializing Spring DispatcherServlet 'dispatcherServlet'
6022  INFO  o.s.web.servlet.DispatcherServlet - Initializing Servlet 'dispatcherServlet'
6023  INFO  o.s.web.servlet.DispatcherServlet - Completed initialization in 1 ms
519   INFO  c.J.JavaSpringBootApplication - Starting JavaSpringBootApplication using Java 1.8.0_261 on 黄柯睿的电脑 with PID 19408 (E:\CS_Project\Java_Project\JavaSpringBoot\target\classes started by Bronya in E:\CS_Project\Java_Project\JavaSpringBoot)
521   INFO  c.J.JavaSpringBootApplication - No active profile set, falling back to 1 default profile: "default"
1184  INFO  o.s.b.w.e.tomcat.TomcatWebServer - Tomcat initialized with port(s): 8765 (http)
1190  INFO  o.a.coyote.http11.Http11NioProtocol - Initializing ProtocolHandler ["http-nio-8765"]
1190  INFO  o.a.catalina.core.StandardService - Starting service [Tomcat]
1190  INFO  o.a.catalina.core.StandardEngine - Starting Servlet engine: [Apache Tomcat/9.0.62]
1280  INFO  o.a.c.c.C.[Tomcat].[localhost].[/] - Initializing Spring embedded WebApplicationContext
1280  INFO  o.s.b.w.s.c.ServletWebServerApplicationContext - Root WebApplicationContext: initialization completed in 717 ms
5080  INFO  o.a.coyote.http11.Http11NioProtocol - Starting ProtocolHandler ["http-nio-8765"]
5094  INFO  o.s.b.w.e.tomcat.TomcatWebServer - Tomcat started on port(s): 8765 (http) with context path ''
5101  INFO  c.J.JavaSpringBootApplication - Started JavaSpringBootApplication in 4.907 seconds (JVM running for 6.166)
5395  INFO  o.a.c.c.C.[Tomcat].[localhost].[/] - Initializing Spring DispatcherServlet 'dispatcherServlet'
5395  INFO  o.s.web.servlet.DispatcherServlet - Initializing Servlet 'dispatcherServlet'
5396  INFO  o.s.web.servlet.DispatcherServlet - Completed initialization in 1 ms
359   INFO  c.J.JavaSpringBootApplication - Starting JavaSpringBootApplication using Java 17.0.1 on LAPTOP-FO55M9GV with PID 13672 (D:\downloadD\kumo-master\Java2SpringBoot\target\classes started by 24321 in D:\downloadD\kumo-master\Java2SpringBoot)
364   INFO  c.J.JavaSpringBootApplication - No active profile set, falling back to 1 default profile: "default"
866   INFO  o.s.b.w.e.tomcat.TomcatWebServer - Tomcat initialized with port(s): 8765 (http)
870   INFO  o.a.coyote.http11.Http11NioProtocol - Initializing ProtocolHandler ["http-nio-8765"]
871   INFO  o.a.catalina.core.StandardService - Starting service [Tomcat]
871   INFO  o.a.catalina.core.StandardEngine - Starting Servlet engine: [Apache Tomcat/9.0.62]
937   INFO  o.a.c.c.C.[Tomcat].[localhost].[/] - Initializing Spring embedded WebApplicationContext
937   INFO  o.s.b.w.s.c.ServletWebServerApplicationContext - Root WebApplicationContext: initialization completed in 542 ms
975   WARN  o.s.b.w.s.c.AnnotationConfigServletWebServerApplicationContext - Exception encountered during context initialization - cancelling refresh attempt: org.springframework.beans.factory.BeanCreationException: Error creating bean with name 'webController' defined in file [D:\downloadD\kumo-master\Java2SpringBoot\target\classes\com\Java2Project\controller\WebController.class]: Instantiation of bean failed; nested exception is java.lang.ExceptionInInitializerError
977   INFO  o.a.catalina.core.StandardService - Stopping service [Tomcat]
984   INFO  o.s.b.a.l.ConditionEvaluationReportLoggingListener - 

Error starting ApplicationContext. To display the conditions report re-run your application with 'debug' enabled.
1000  ERROR o.s.boot.SpringApplication - Application run failed
org.springframework.beans.factory.BeanCreationException: Error creating bean with name 'webController' defined in file [D:\downloadD\kumo-master\Java2SpringBoot\target\classes\com\Java2Project\controller\WebController.class]: Instantiation of bean failed; nested exception is java.lang.ExceptionInInitializerError
	at org.springframework.beans.factory.support.AbstractAutowireCapableBeanFactory.instantiateBean(AbstractAutowireCapableBeanFactory.java:1334)
	at org.springframework.beans.factory.support.AbstractAutowireCapableBeanFactory.createBeanInstance(AbstractAutowireCapableBeanFactory.java:1232)
	at org.springframework.beans.factory.support.AbstractAutowireCapableBeanFactory.doCreateBean(AbstractAutowireCapableBeanFactory.java:582)
	at org.springframework.beans.factory.support.AbstractAutowireCapableBeanFactory.createBean(AbstractAutowireCapableBeanFactory.java:542)
	at org.springframework.beans.factory.support.AbstractBeanFactory.lambda$doGetBean$0(AbstractBeanFactory.java:335)
	at org.springframework.beans.factory.support.DefaultSingletonBeanRegistry.getSingleton(DefaultSingletonBeanRegistry.java:234)
	at org.springframework.beans.factory.support.AbstractBeanFactory.doGetBean(AbstractBeanFactory.java:333)
	at org.springframework.beans.factory.support.AbstractBeanFactory.getBean(AbstractBeanFactory.java:208)
	at org.springframework.beans.factory.support.DefaultListableBeanFactory.preInstantiateSingletons(DefaultListableBeanFactory.java:953)
	at org.springframework.context.support.AbstractApplicationContext.finishBeanFactoryInitialization(AbstractApplicationContext.java:918)
	at org.springframework.context.support.AbstractApplicationContext.refresh(AbstractApplicationContext.java:583)
	at org.springframework.boot.web.servlet.context.ServletWebServerApplicationContext.refresh(ServletWebServerApplicationContext.java:145)
	at org.springframework.boot.SpringApplication.refresh(SpringApplication.java:740)
	at org.springframework.boot.SpringApplication.refreshContext(SpringApplication.java:415)
	at org.springframework.boot.SpringApplication.run(SpringApplication.java:303)
	at org.springframework.boot.SpringApplication.run(SpringApplication.java:1312)
	at org.springframework.boot.SpringApplication.run(SpringApplication.java:1301)
	at com.Java2Project.JavaSpringBootApplication.main(JavaSpringBootApplication.java:12)
Caused by: java.lang.ExceptionInInitializerError: null
	at java.base/jdk.internal.reflect.NativeConstructorAccessorImpl.newInstance0(Native Method)
	at java.base/jdk.internal.reflect.NativeConstructorAccessorImpl.newInstance(NativeConstructorAccessorImpl.java:77)
	at java.base/jdk.internal.reflect.DelegatingConstructorAccessorImpl.newInstance(DelegatingConstructorAccessorImpl.java:45)
	at java.base/java.lang.reflect.Constructor.newInstanceWithCaller(Constructor.java:499)
	at java.base/java.lang.reflect.Constructor.newInstance(Constructor.java:480)
	at org.springframework.beans.BeanUtils.instantiateClass(BeanUtils.java:211)
	at org.springframework.beans.factory.support.SimpleInstantiationStrategy.instantiate(SimpleInstantiationStrategy.java:87)
	at org.springframework.beans.factory.support.AbstractAutowireCapableBeanFactory.instantiateBean(AbstractAutowireCapableBeanFactory.java:1326)
	... 17 common frames omitted
Caused by: net.sf.json.JSONException: A JSONObject text must end with '}' at character 1 of {
	at net.sf.json.util.JSONTokener.syntaxError(JSONTokener.java:512)
	at net.sf.json.JSONObject._fromJSONTokener(JSONObject.java:891)
	at net.sf.json.JSONObject._fromString(JSONObject.java:1102)
	at net.sf.json.JSONObject.fromObject(JSONObject.java:175)
	at net.sf.json.JSONObject.fromObject(JSONObject.java:145)
	at com.Java2Project.util.GetValue.<init>(GetValue.java:26)
	at com.Java2Project.controller.WebController.<clinit>(WebController.java:12)
	... 25 common frames omitted
362   INFO  c.J.JavaSpringBootApplication - Starting JavaSpringBootApplication using Java 17.0.1 on LAPTOP-FO55M9GV with PID 26512 (D:\downloadD\kumo-master\Java2SpringBoot\target\classes started by 24321 in D:\downloadD\kumo-master\Java2SpringBoot)
368   INFO  c.J.JavaSpringBootApplication - No active profile set, falling back to 1 default profile: "default"
886   INFO  o.s.b.w.e.tomcat.TomcatWebServer - Tomcat initialized with port(s): 8765 (http)
891   INFO  o.a.coyote.http11.Http11NioProtocol - Initializing ProtocolHandler ["http-nio-8765"]
891   INFO  o.a.catalina.core.StandardService - Starting service [Tomcat]
891   INFO  o.a.catalina.core.StandardEngine - Starting Servlet engine: [Apache Tomcat/9.0.62]
959   INFO  o.a.c.c.C.[Tomcat].[localhost].[/] - Initializing Spring embedded WebApplicationContext
959   INFO  o.s.b.w.s.c.ServletWebServerApplicationContext - Root WebApplicationContext: initialization completed in 558 ms
996   WARN  o.s.b.w.s.c.AnnotationConfigServletWebServerApplicationContext - Exception encountered during context initialization - cancelling refresh attempt: org.springframework.beans.factory.BeanCreationException: Error creating bean with name 'webController' defined in file [D:\downloadD\kumo-master\Java2SpringBoot\target\classes\com\Java2Project\controller\WebController.class]: Instantiation of bean failed; nested exception is java.lang.ExceptionInInitializerError
998   INFO  o.a.catalina.core.StandardService - Stopping service [Tomcat]
1005  INFO  o.s.b.a.l.ConditionEvaluationReportLoggingListener - 

Error starting ApplicationContext. To display the conditions report re-run your application with 'debug' enabled.
1023  ERROR o.s.boot.SpringApplication - Application run failed
org.springframework.beans.factory.BeanCreationException: Error creating bean with name 'webController' defined in file [D:\downloadD\kumo-master\Java2SpringBoot\target\classes\com\Java2Project\controller\WebController.class]: Instantiation of bean failed; nested exception is java.lang.ExceptionInInitializerError
	at org.springframework.beans.factory.support.AbstractAutowireCapableBeanFactory.instantiateBean(AbstractAutowireCapableBeanFactory.java:1334)
	at org.springframework.beans.factory.support.AbstractAutowireCapableBeanFactory.createBeanInstance(AbstractAutowireCapableBeanFactory.java:1232)
	at org.springframework.beans.factory.support.AbstractAutowireCapableBeanFactory.doCreateBean(AbstractAutowireCapableBeanFactory.java:582)
	at org.springframework.beans.factory.support.AbstractAutowireCapableBeanFactory.createBean(AbstractAutowireCapableBeanFactory.java:542)
	at org.springframework.beans.factory.support.AbstractBeanFactory.lambda$doGetBean$0(AbstractBeanFactory.java:335)
	at org.springframework.beans.factory.support.DefaultSingletonBeanRegistry.getSingleton(DefaultSingletonBeanRegistry.java:234)
	at org.springframework.beans.factory.support.AbstractBeanFactory.doGetBean(AbstractBeanFactory.java:333)
	at org.springframework.beans.factory.support.AbstractBeanFactory.getBean(AbstractBeanFactory.java:208)
	at org.springframework.beans.factory.support.DefaultListableBeanFactory.preInstantiateSingletons(DefaultListableBeanFactory.java:953)
	at org.springframework.context.support.AbstractApplicationContext.finishBeanFactoryInitialization(AbstractApplicationContext.java:918)
	at org.springframework.context.support.AbstractApplicationContext.refresh(AbstractApplicationContext.java:583)
	at org.springframework.boot.web.servlet.context.ServletWebServerApplicationContext.refresh(ServletWebServerApplicationContext.java:145)
	at org.springframework.boot.SpringApplication.refresh(SpringApplication.java:740)
	at org.springframework.boot.SpringApplication.refreshContext(SpringApplication.java:415)
	at org.springframework.boot.SpringApplication.run(SpringApplication.java:303)
	at org.springframework.boot.SpringApplication.run(SpringApplication.java:1312)
	at org.springframework.boot.SpringApplication.run(SpringApplication.java:1301)
	at com.Java2Project.JavaSpringBootApplication.main(JavaSpringBootApplication.java:12)
Caused by: java.lang.ExceptionInInitializerError: null
	at java.base/jdk.internal.reflect.NativeConstructorAccessorImpl.newInstance0(Native Method)
	at java.base/jdk.internal.reflect.NativeConstructorAccessorImpl.newInstance(NativeConstructorAccessorImpl.java:77)
	at java.base/jdk.internal.reflect.DelegatingConstructorAccessorImpl.newInstance(DelegatingConstructorAccessorImpl.java:45)
	at java.base/java.lang.reflect.Constructor.newInstanceWithCaller(Constructor.java:499)
	at java.base/java.lang.reflect.Constructor.newInstance(Constructor.java:480)
	at org.springframework.beans.BeanUtils.instantiateClass(BeanUtils.java:211)
	at org.springframework.beans.factory.support.SimpleInstantiationStrategy.instantiate(SimpleInstantiationStrategy.java:87)
	at org.springframework.beans.factory.support.AbstractAutowireCapableBeanFactory.instantiateBean(AbstractAutowireCapableBeanFactory.java:1326)
	... 17 common frames omitted
Caused by: net.sf.json.JSONException: A JSONObject text must end with '}' at character 1 of {
	at net.sf.json.util.JSONTokener.syntaxError(JSONTokener.java:512)
	at net.sf.json.JSONObject._fromJSONTokener(JSONObject.java:891)
	at net.sf.json.JSONObject._fromString(JSONObject.java:1102)
	at net.sf.json.JSONObject.fromObject(JSONObject.java:175)
	at net.sf.json.JSONObject.fromObject(JSONObject.java:145)
	at com.Java2Project.util.GetValue.<init>(GetValue.java:26)
	at com.Java2Project.controller.WebController.<clinit>(WebController.java:12)
	... 25 common frames omitted
356   INFO  c.J.JavaSpringBootApplication - Starting JavaSpringBootApplication using Java 17.0.1 on LAPTOP-FO55M9GV with PID 14160 (D:\downloadD\kumo-master\Java2SpringBoot\target\classes started by 24321 in D:\downloadD\kumo-master\Java2SpringBoot)
358   INFO  c.J.JavaSpringBootApplication - No active profile set, falling back to 1 default profile: "default"
854   INFO  o.s.b.w.e.tomcat.TomcatWebServer - Tomcat initialized with port(s): 8765 (http)
859   INFO  o.a.coyote.http11.Http11NioProtocol - Initializing ProtocolHandler ["http-nio-8765"]
859   INFO  o.a.catalina.core.StandardService - Starting service [Tomcat]
859   INFO  o.a.catalina.core.StandardEngine - Starting Servlet engine: [Apache Tomcat/9.0.62]
925   INFO  o.a.c.c.C.[Tomcat].[localhost].[/] - Initializing Spring embedded WebApplicationContext
925   INFO  o.s.b.w.s.c.ServletWebServerApplicationContext - Root WebApplicationContext: initialization completed in 537 ms
965   WARN  o.s.b.w.s.c.AnnotationConfigServletWebServerApplicationContext - Exception encountered during context initialization - cancelling refresh attempt: org.springframework.beans.factory.BeanCreationException: Error creating bean with name 'webController' defined in file [D:\downloadD\kumo-master\Java2SpringBoot\target\classes\com\Java2Project\controller\WebController.class]: Instantiation of bean failed; nested exception is java.lang.ExceptionInInitializerError
966   INFO  o.a.catalina.core.StandardService - Stopping service [Tomcat]
974   INFO  o.s.b.a.l.ConditionEvaluationReportLoggingListener - 

Error starting ApplicationContext. To display the conditions report re-run your application with 'debug' enabled.
986   ERROR o.s.boot.SpringApplication - Application run failed
org.springframework.beans.factory.BeanCreationException: Error creating bean with name 'webController' defined in file [D:\downloadD\kumo-master\Java2SpringBoot\target\classes\com\Java2Project\controller\WebController.class]: Instantiation of bean failed; nested exception is java.lang.ExceptionInInitializerError
	at org.springframework.beans.factory.support.AbstractAutowireCapableBeanFactory.instantiateBean(AbstractAutowireCapableBeanFactory.java:1334)
	at org.springframework.beans.factory.support.AbstractAutowireCapableBeanFactory.createBeanInstance(AbstractAutowireCapableBeanFactory.java:1232)
	at org.springframework.beans.factory.support.AbstractAutowireCapableBeanFactory.doCreateBean(AbstractAutowireCapableBeanFactory.java:582)
	at org.springframework.beans.factory.support.AbstractAutowireCapableBeanFactory.createBean(AbstractAutowireCapableBeanFactory.java:542)
	at org.springframework.beans.factory.support.AbstractBeanFactory.lambda$doGetBean$0(AbstractBeanFactory.java:335)
	at org.springframework.beans.factory.support.DefaultSingletonBeanRegistry.getSingleton(DefaultSingletonBeanRegistry.java:234)
	at org.springframework.beans.factory.support.AbstractBeanFactory.doGetBean(AbstractBeanFactory.java:333)
	at org.springframework.beans.factory.support.AbstractBeanFactory.getBean(AbstractBeanFactory.java:208)
	at org.springframework.beans.factory.support.DefaultListableBeanFactory.preInstantiateSingletons(DefaultListableBeanFactory.java:953)
	at org.springframework.context.support.AbstractApplicationContext.finishBeanFactoryInitialization(AbstractApplicationContext.java:918)
	at org.springframework.context.support.AbstractApplicationContext.refresh(AbstractApplicationContext.java:583)
	at org.springframework.boot.web.servlet.context.ServletWebServerApplicationContext.refresh(ServletWebServerApplicationContext.java:145)
	at org.springframework.boot.SpringApplication.refresh(SpringApplication.java:740)
	at org.springframework.boot.SpringApplication.refreshContext(SpringApplication.java:415)
	at org.springframework.boot.SpringApplication.run(SpringApplication.java:303)
	at org.springframework.boot.SpringApplication.run(SpringApplication.java:1312)
	at org.springframework.boot.SpringApplication.run(SpringApplication.java:1301)
	at com.Java2Project.JavaSpringBootApplication.main(JavaSpringBootApplication.java:12)
Caused by: java.lang.ExceptionInInitializerError: null
	at java.base/jdk.internal.reflect.NativeConstructorAccessorImpl.newInstance0(Native Method)
	at java.base/jdk.internal.reflect.NativeConstructorAccessorImpl.newInstance(NativeConstructorAccessorImpl.java:77)
	at java.base/jdk.internal.reflect.DelegatingConstructorAccessorImpl.newInstance(DelegatingConstructorAccessorImpl.java:45)
	at java.base/java.lang.reflect.Constructor.newInstanceWithCaller(Constructor.java:499)
	at java.base/java.lang.reflect.Constructor.newInstance(Constructor.java:480)
	at org.springframework.beans.BeanUtils.instantiateClass(BeanUtils.java:211)
	at org.springframework.beans.factory.support.SimpleInstantiationStrategy.instantiate(SimpleInstantiationStrategy.java:87)
	at org.springframework.beans.factory.support.AbstractAutowireCapableBeanFactory.instantiateBean(AbstractAutowireCapableBeanFactory.java:1326)
	... 17 common frames omitted
Caused by: net.sf.json.JSONException: A JSONObject text must end with '}' at character 1 of {
	at net.sf.json.util.JSONTokener.syntaxError(JSONTokener.java:512)
	at net.sf.json.JSONObject._fromJSONTokener(JSONObject.java:891)
	at net.sf.json.JSONObject._fromString(JSONObject.java:1102)
	at net.sf.json.JSONObject.fromObject(JSONObject.java:175)
	at net.sf.json.JSONObject.fromObject(JSONObject.java:145)
	at com.Java2Project.util.GetValue.<init>(GetValue.java:26)
	at com.Java2Project.controller.WebController.<clinit>(WebController.java:12)
	... 25 common frames omitted
359   INFO  c.J.JavaSpringBootApplication - Starting JavaSpringBootApplication using Java 17.0.1 on LAPTOP-FO55M9GV with PID 26304 (D:\downloadD\kumo-master\Java2SpringBoot\target\classes started by 24321 in D:\downloadD\kumo-master\Java2SpringBoot)
360   INFO  c.J.JavaSpringBootApplication - No active profile set, falling back to 1 default profile: "default"
856   INFO  o.s.b.w.e.tomcat.TomcatWebServer - Tomcat initialized with port(s): 8765 (http)
860   INFO  o.a.coyote.http11.Http11NioProtocol - Initializing ProtocolHandler ["http-nio-8765"]
860   INFO  o.a.catalina.core.StandardService - Starting service [Tomcat]
861   INFO  o.a.catalina.core.StandardEngine - Starting Servlet engine: [Apache Tomcat/9.0.62]
930   INFO  o.a.c.c.C.[Tomcat].[localhost].[/] - Initializing Spring embedded WebApplicationContext
930   INFO  o.s.b.w.s.c.ServletWebServerApplicationContext - Root WebApplicationContext: initialization completed in 541 ms
971   WARN  o.s.b.w.s.c.AnnotationConfigServletWebServerApplicationContext - Exception encountered during context initialization - cancelling refresh attempt: org.springframework.beans.factory.BeanCreationException: Error creating bean with name 'webController' defined in file [D:\downloadD\kumo-master\Java2SpringBoot\target\classes\com\Java2Project\controller\WebController.class]: Instantiation of bean failed; nested exception is java.lang.ExceptionInInitializerError
973   INFO  o.a.catalina.core.StandardService - Stopping service [Tomcat]
981   INFO  o.s.b.a.l.ConditionEvaluationReportLoggingListener - 

Error starting ApplicationContext. To display the conditions report re-run your application with 'debug' enabled.
995   ERROR o.s.boot.SpringApplication - Application run failed
org.springframework.beans.factory.BeanCreationException: Error creating bean with name 'webController' defined in file [D:\downloadD\kumo-master\Java2SpringBoot\target\classes\com\Java2Project\controller\WebController.class]: Instantiation of bean failed; nested exception is java.lang.ExceptionInInitializerError
	at org.springframework.beans.factory.support.AbstractAutowireCapableBeanFactory.instantiateBean(AbstractAutowireCapableBeanFactory.java:1334)
	at org.springframework.beans.factory.support.AbstractAutowireCapableBeanFactory.createBeanInstance(AbstractAutowireCapableBeanFactory.java:1232)
	at org.springframework.beans.factory.support.AbstractAutowireCapableBeanFactory.doCreateBean(AbstractAutowireCapableBeanFactory.java:582)
	at org.springframework.beans.factory.support.AbstractAutowireCapableBeanFactory.createBean(AbstractAutowireCapableBeanFactory.java:542)
	at org.springframework.beans.factory.support.AbstractBeanFactory.lambda$doGetBean$0(AbstractBeanFactory.java:335)
	at org.springframework.beans.factory.support.DefaultSingletonBeanRegistry.getSingleton(DefaultSingletonBeanRegistry.java:234)
	at org.springframework.beans.factory.support.AbstractBeanFactory.doGetBean(AbstractBeanFactory.java:333)
	at org.springframework.beans.factory.support.AbstractBeanFactory.getBean(AbstractBeanFactory.java:208)
	at org.springframework.beans.factory.support.DefaultListableBeanFactory.preInstantiateSingletons(DefaultListableBeanFactory.java:953)
	at org.springframework.context.support.AbstractApplicationContext.finishBeanFactoryInitialization(AbstractApplicationContext.java:918)
	at org.springframework.context.support.AbstractApplicationContext.refresh(AbstractApplicationContext.java:583)
	at org.springframework.boot.web.servlet.context.ServletWebServerApplicationContext.refresh(ServletWebServerApplicationContext.java:145)
	at org.springframework.boot.SpringApplication.refresh(SpringApplication.java:740)
	at org.springframework.boot.SpringApplication.refreshContext(SpringApplication.java:415)
	at org.springframework.boot.SpringApplication.run(SpringApplication.java:303)
	at org.springframework.boot.SpringApplication.run(SpringApplication.java:1312)
	at org.springframework.boot.SpringApplication.run(SpringApplication.java:1301)
	at com.Java2Project.JavaSpringBootApplication.main(JavaSpringBootApplication.java:12)
Caused by: java.lang.ExceptionInInitializerError: null
	at java.base/jdk.internal.reflect.NativeConstructorAccessorImpl.newInstance0(Native Method)
	at java.base/jdk.internal.reflect.NativeConstructorAccessorImpl.newInstance(NativeConstructorAccessorImpl.java:77)
	at java.base/jdk.internal.reflect.DelegatingConstructorAccessorImpl.newInstance(DelegatingConstructorAccessorImpl.java:45)
	at java.base/java.lang.reflect.Constructor.newInstanceWithCaller(Constructor.java:499)
	at java.base/java.lang.reflect.Constructor.newInstance(Constructor.java:480)
	at org.springframework.beans.BeanUtils.instantiateClass(BeanUtils.java:211)
	at org.springframework.beans.factory.support.SimpleInstantiationStrategy.instantiate(SimpleInstantiationStrategy.java:87)
	at org.springframework.beans.factory.support.AbstractAutowireCapableBeanFactory.instantiateBean(AbstractAutowireCapableBeanFactory.java:1326)
	... 17 common frames omitted
Caused by: net.sf.json.JSONException: A JSONObject text must end with '}' at character 1 of {
	at net.sf.json.util.JSONTokener.syntaxError(JSONTokener.java:512)
	at net.sf.json.JSONObject._fromJSONTokener(JSONObject.java:891)
	at net.sf.json.JSONObject._fromString(JSONObject.java:1102)
	at net.sf.json.JSONObject.fromObject(JSONObject.java:175)
	at net.sf.json.JSONObject.fromObject(JSONObject.java:145)
	at com.Java2Project.util.GetValue.<init>(GetValue.java:26)
	at com.Java2Project.controller.WebController.<clinit>(WebController.java:12)
	... 25 common frames omitted
353   INFO  c.J.JavaSpringBootApplication - Starting JavaSpringBootApplication using Java 17.0.1 on LAPTOP-FO55M9GV with PID 27944 (D:\downloadD\kumo-master\Java2SpringBoot\target\classes started by 24321 in D:\downloadD\kumo-master\Java2SpringBoot)
358   INFO  c.J.JavaSpringBootApplication - No active profile set, falling back to 1 default profile: "default"
851   INFO  o.s.b.w.e.tomcat.TomcatWebServer - Tomcat initialized with port(s): 8765 (http)
855   INFO  o.a.coyote.http11.Http11NioProtocol - Initializing ProtocolHandler ["http-nio-8765"]
855   INFO  o.a.catalina.core.StandardService - Starting service [Tomcat]
856   INFO  o.a.catalina.core.StandardEngine - Starting Servlet engine: [Apache Tomcat/9.0.62]
922   INFO  o.a.c.c.C.[Tomcat].[localhost].[/] - Initializing Spring embedded WebApplicationContext
922   INFO  o.s.b.w.s.c.ServletWebServerApplicationContext - Root WebApplicationContext: initialization completed in 534 ms
6067  INFO  o.a.coyote.http11.Http11NioProtocol - Starting ProtocolHandler ["http-nio-8765"]
6079  INFO  o.s.b.w.e.tomcat.TomcatWebServer - Tomcat started on port(s): 8765 (http) with context path ''
6086  INFO  c.J.JavaSpringBootApplication - Started JavaSpringBootApplication in 5.929 seconds (JVM running for 6.514)
8742  INFO  o.a.c.c.C.[Tomcat].[localhost].[/] - Initializing Spring DispatcherServlet 'dispatcherServlet'
8742  INFO  o.s.web.servlet.DispatcherServlet - Initializing Servlet 'dispatcherServlet'
8743  INFO  o.s.web.servlet.DispatcherServlet - Completed initialization in 1 ms
505   INFO  c.J.JavaSpringBootApplication - Starting JavaSpringBootApplication using Java 1.8.0_261 on 黄柯睿的电脑 with PID 3800 (E:\CS_Project\Java_Project\JavaSpringBoot\target\classes started by Bronya in E:\CS_Project\Java_Project\JavaSpringBoot)
506   INFO  c.J.JavaSpringBootApplication - No active profile set, falling back to 1 default profile: "default"
1130  INFO  o.s.b.w.e.tomcat.TomcatWebServer - Tomcat initialized with port(s): 8765 (http)
1136  INFO  o.a.coyote.http11.Http11NioProtocol - Initializing ProtocolHandler ["http-nio-8765"]
1136  INFO  o.a.catalina.core.StandardService - Starting service [Tomcat]
1136  INFO  o.a.catalina.core.StandardEngine - Starting Servlet engine: [Apache Tomcat/9.0.62]
1220  INFO  o.a.c.c.C.[Tomcat].[localhost].[/] - Initializing Spring embedded WebApplicationContext
1220  INFO  o.s.b.w.s.c.ServletWebServerApplicationContext - Root WebApplicationContext: initialization completed in 675 ms
4394  INFO  o.a.coyote.http11.Http11NioProtocol - Starting ProtocolHandler ["http-nio-8765"]
4407  INFO  o.s.b.w.e.tomcat.TomcatWebServer - Tomcat started on port(s): 8765 (http) with context path ''
4414  INFO  c.J.JavaSpringBootApplication - Started JavaSpringBootApplication in 4.211 seconds (JVM running for 5.376)
519   INFO  c.J.JavaSpringBootApplication - Starting JavaSpringBootApplication using Java 1.8.0_261 on 黄柯睿的电脑 with PID 4468 (E:\CS_Project\Java_Project\JavaSpringBoot\target\classes started by Bronya in E:\CS_Project\Java_Project\JavaSpringBoot)
521   INFO  c.J.JavaSpringBootApplication - No active profile set, falling back to 1 default profile: "default"
1135  INFO  o.s.b.w.e.tomcat.TomcatWebServer - Tomcat initialized with port(s): 8765 (http)
1141  INFO  o.a.coyote.http11.Http11NioProtocol - Initializing ProtocolHandler ["http-nio-8765"]
1141  INFO  o.a.catalina.core.StandardService - Starting service [Tomcat]
1141  INFO  o.a.catalina.core.StandardEngine - Starting Servlet engine: [Apache Tomcat/9.0.62]
1229  INFO  o.a.c.c.C.[Tomcat].[localhost].[/] - Initializing Spring embedded WebApplicationContext
1230  INFO  o.s.b.w.s.c.ServletWebServerApplicationContext - Root WebApplicationContext: initialization completed in 672 ms
4692  INFO  o.a.coyote.http11.Http11NioProtocol - Starting ProtocolHandler ["http-nio-8765"]
4703  INFO  o.s.b.w.e.tomcat.TomcatWebServer - Tomcat started on port(s): 8765 (http) with context path ''
4710  INFO  c.J.JavaSpringBootApplication - Started JavaSpringBootApplication in 4.507 seconds (JVM running for 5.739)
6543  INFO  o.a.c.c.C.[Tomcat].[localhost].[/] - Initializing Spring DispatcherServlet 'dispatcherServlet'
6543  INFO  o.s.web.servlet.DispatcherServlet - Initializing Servlet 'dispatcherServlet'
6544  INFO  o.s.web.servlet.DispatcherServlet - Completed initialization in 1 ms
571   INFO  c.J.JavaSpringBootApplication - Starting JavaSpringBootApplication using Java 1.8.0_261 on 黄柯睿的电脑 with PID 9224 (E:\CS_Project\Java_Project\JavaSpringBoot\target\classes started by Bronya in E:\CS_Project\Java_Project\JavaSpringBoot)
573   INFO  c.J.JavaSpringBootApplication - No active profile set, falling back to 1 default profile: "default"
1269  INFO  o.s.b.w.e.tomcat.TomcatWebServer - Tomcat initialized with port(s): 8765 (http)
1276  INFO  o.a.coyote.http11.Http11NioProtocol - Initializing ProtocolHandler ["http-nio-8765"]
1276  INFO  o.a.catalina.core.StandardService - Starting service [Tomcat]
1276  INFO  o.a.catalina.core.StandardEngine - Starting Servlet engine: [Apache Tomcat/9.0.62]
1381  INFO  o.a.c.c.C.[Tomcat].[localhost].[/] - Initializing Spring embedded WebApplicationContext
1382  INFO  o.s.b.w.s.c.ServletWebServerApplicationContext - Root WebApplicationContext: initialization completed in 766 ms
4705  INFO  o.a.coyote.http11.Http11NioProtocol - Starting ProtocolHandler ["http-nio-8765"]
4717  INFO  o.s.b.w.e.tomcat.TomcatWebServer - Tomcat started on port(s): 8765 (http) with context path ''
4724  INFO  c.J.JavaSpringBootApplication - Started JavaSpringBootApplication in 4.482 seconds (JVM running for 5.871)
557   INFO  c.J.JavaSpringBootApplication - Starting JavaSpringBootApplication using Java 1.8.0_261 on 黄柯睿的电脑 with PID 5572 (E:\CS_Project\Java_Project\JavaSpringBoot\target\classes started by Bronya in E:\CS_Project\Java_Project\JavaSpringBoot)
560   INFO  c.J.JavaSpringBootApplication - No active profile set, falling back to 1 default profile: "default"
1223  INFO  o.s.b.w.e.tomcat.TomcatWebServer - Tomcat initialized with port(s): 8765 (http)
1229  INFO  o.a.coyote.http11.Http11NioProtocol - Initializing ProtocolHandler ["http-nio-8765"]
1230  INFO  o.a.catalina.core.StandardService - Starting service [Tomcat]
1230  INFO  o.a.catalina.core.StandardEngine - Starting Servlet engine: [Apache Tomcat/9.0.62]
1318  INFO  o.a.c.c.C.[Tomcat].[localhost].[/] - Initializing Spring embedded WebApplicationContext
1318  INFO  o.s.b.w.s.c.ServletWebServerApplicationContext - Root WebApplicationContext: initialization completed in 704 ms
4857  INFO  o.a.coyote.http11.Http11NioProtocol - Starting ProtocolHandler ["http-nio-8765"]
4870  INFO  o.s.b.w.e.tomcat.TomcatWebServer - Tomcat started on port(s): 8765 (http) with context path ''
4878  INFO  c.J.JavaSpringBootApplication - Started JavaSpringBootApplication in 4.697 seconds (JVM running for 5.948)
5064  INFO  o.a.c.c.C.[Tomcat].[localhost].[/] - Initializing Spring DispatcherServlet 'dispatcherServlet'
5064  INFO  o.s.web.servlet.DispatcherServlet - Initializing Servlet 'dispatcherServlet'
5065  INFO  o.s.web.servlet.DispatcherServlet - Completed initialization in 1 ms
459   INFO  c.J.JavaSpringBootApplication - Starting JavaSpringBootApplication using Java 1.8.0_261 on 黄柯睿的电脑 with PID 12244 (E:\CS_Project\Java_Project\JavaSpringBoot\target\classes started by Bronya in E:\CS_Project\Java_Project\JavaSpringBoot)
461   INFO  c.J.JavaSpringBootApplication - No active profile set, falling back to 1 default profile: "default"
1111  INFO  o.s.b.w.e.tomcat.TomcatWebServer - Tomcat initialized with port(s): 8765 (http)
1117  INFO  o.a.coyote.http11.Http11NioProtocol - Initializing ProtocolHandler ["http-nio-8765"]
1118  INFO  o.a.catalina.core.StandardService - Starting service [Tomcat]
1118  INFO  o.a.catalina.core.StandardEngine - Starting Servlet engine: [Apache Tomcat/9.0.62]
1211  INFO  o.a.c.c.C.[Tomcat].[localhost].[/] - Initializing Spring embedded WebApplicationContext
1211  INFO  o.s.b.w.s.c.ServletWebServerApplicationContext - Root WebApplicationContext: initialization completed in 710 ms
4944  INFO  o.a.coyote.http11.Http11NioProtocol - Starting ProtocolHandler ["http-nio-8765"]
4956  INFO  o.s.b.w.e.tomcat.TomcatWebServer - Tomcat started on port(s): 8765 (http) with context path ''
4963  INFO  c.J.JavaSpringBootApplication - Started JavaSpringBootApplication in 4.789 seconds (JVM running for 5.978)
8240  INFO  o.a.c.c.C.[Tomcat].[localhost].[/] - Initializing Spring DispatcherServlet 'dispatcherServlet'
8240  INFO  o.s.web.servlet.DispatcherServlet - Initializing Servlet 'dispatcherServlet'
8241  INFO  o.s.web.servlet.DispatcherServlet - Completed initialization in 1 ms
488   INFO  c.J.JavaSpringBootApplication - Starting JavaSpringBootApplication using Java 1.8.0_261 on 黄柯睿的电脑 with PID 7952 (E:\CS_Project\Java_Project\JavaSpringBoot\target\classes started by Bronya in E:\CS_Project\Java_Project\JavaSpringBoot)
490   INFO  c.J.JavaSpringBootApplication - No active profile set, falling back to 1 default profile: "default"
1130  INFO  o.s.b.w.e.tomcat.TomcatWebServer - Tomcat initialized with port(s): 8765 (http)
1136  INFO  o.a.coyote.http11.Http11NioProtocol - Initializing ProtocolHandler ["http-nio-8765"]
1137  INFO  o.a.catalina.core.StandardService - Starting service [Tomcat]
1137  INFO  o.a.catalina.core.StandardEngine - Starting Servlet engine: [Apache Tomcat/9.0.62]
1229  INFO  o.a.c.c.C.[Tomcat].[localhost].[/] - Initializing Spring embedded WebApplicationContext
1229  INFO  o.s.b.w.s.c.ServletWebServerApplicationContext - Root WebApplicationContext: initialization completed in 699 ms
4473  INFO  o.a.coyote.http11.Http11NioProtocol - Starting ProtocolHandler ["http-nio-8765"]
4484  INFO  o.s.b.w.e.tomcat.TomcatWebServer - Tomcat started on port(s): 8765 (http) with context path ''
4492  INFO  c.J.JavaSpringBootApplication - Started JavaSpringBootApplication in 4.313 seconds (JVM running for 5.518)
7041  INFO  o.a.c.c.C.[Tomcat].[localhost].[/] - Initializing Spring DispatcherServlet 'dispatcherServlet'
7041  INFO  o.s.web.servlet.DispatcherServlet - Initializing Servlet 'dispatcherServlet'
7042  INFO  o.s.web.servlet.DispatcherServlet - Completed initialization in 1 ms
513   INFO  c.J.JavaSpringBootApplication - Starting JavaSpringBootApplication using Java 1.8.0_261 on 黄柯睿的电脑 with PID 15084 (E:\CS_Project\Java_Project\JavaSpringBoot\target\classes started by Bronya in E:\CS_Project\Java_Project\JavaSpringBoot)
515   INFO  c.J.JavaSpringBootApplication - No active profile set, falling back to 1 default profile: "default"
1297  INFO  o.s.b.w.e.tomcat.TomcatWebServer - Tomcat initialized with port(s): 8765 (http)
1303  INFO  o.a.coyote.http11.Http11NioProtocol - Initializing ProtocolHandler ["http-nio-8765"]
1304  INFO  o.a.catalina.core.StandardService - Starting service [Tomcat]
1304  INFO  o.a.catalina.core.StandardEngine - Starting Servlet engine: [Apache Tomcat/9.0.62]
1398  INFO  o.a.c.c.C.[Tomcat].[localhost].[/] - Initializing Spring embedded WebApplicationContext
1398  INFO  o.s.b.w.s.c.ServletWebServerApplicationContext - Root WebApplicationContext: initialization completed in 838 ms
4554  INFO  o.a.coyote.http11.Http11NioProtocol - Starting ProtocolHandler ["http-nio-8765"]
4566  INFO  o.s.b.w.e.tomcat.TomcatWebServer - Tomcat started on port(s): 8765 (http) with context path ''
4573  INFO  c.J.JavaSpringBootApplication - Started JavaSpringBootApplication in 4.386 seconds (JVM running for 5.632)
59786 INFO  o.a.c.c.C.[Tomcat].[localhost].[/] - Initializing Spring DispatcherServlet 'dispatcherServlet'
59787 INFO  o.s.web.servlet.DispatcherServlet - Initializing Servlet 'dispatcherServlet'
59787 INFO  o.s.web.servlet.DispatcherServlet - Completed initialization in 0 ms
472   INFO  c.J.JavaSpringBootApplication - Starting JavaSpringBootApplication using Java 1.8.0_261 on 黄柯睿的电脑 with PID 1880 (E:\CS_Project\Java_Project\JavaSpringBoot\target\classes started by Bronya in E:\CS_Project\Java_Project\JavaSpringBoot)
475   INFO  c.J.JavaSpringBootApplication - No active profile set, falling back to 1 default profile: "default"
1119  INFO  o.s.b.w.e.tomcat.TomcatWebServer - Tomcat initialized with port(s): 8765 (http)
1125  INFO  o.a.coyote.http11.Http11NioProtocol - Initializing ProtocolHandler ["http-nio-8765"]
1126  INFO  o.a.catalina.core.StandardService - Starting service [Tomcat]
1126  INFO  o.a.catalina.core.StandardEngine - Starting Servlet engine: [Apache Tomcat/9.0.62]
1215  INFO  o.a.c.c.C.[Tomcat].[localhost].[/] - Initializing Spring embedded WebApplicationContext
1215  INFO  o.s.b.w.s.c.ServletWebServerApplicationContext - Root WebApplicationContext: initialization completed in 704 ms
4687  INFO  o.a.coyote.http11.Http11NioProtocol - Starting ProtocolHandler ["http-nio-8765"]
4706  INFO  o.s.b.w.e.tomcat.TomcatWebServer - Tomcat started on port(s): 8765 (http) with context path ''
4713  INFO  c.J.JavaSpringBootApplication - Started JavaSpringBootApplication in 4.539 seconds (JVM running for 5.743)
6838  INFO  o.a.c.c.C.[Tomcat].[localhost].[/] - Initializing Spring DispatcherServlet 'dispatcherServlet'
6838  INFO  o.s.web.servlet.DispatcherServlet - Initializing Servlet 'dispatcherServlet'
6838  INFO  o.s.web.servlet.DispatcherServlet - Completed initialization in 0 ms
353   INFO  c.J.JavaSpringBootApplication - Starting JavaSpringBootApplication using Java 17.0.1 on LAPTOP-FO55M9GV with PID 18092 (D:\downloadD\kumo-master\Java2SpringBoot\target\classes started by 24321 in D:\downloadD\kumo-master\Java2SpringBoot)
355   INFO  c.J.JavaSpringBootApplication - No active profile set, falling back to 1 default profile: "default"
829   INFO  o.s.b.w.e.tomcat.TomcatWebServer - Tomcat initialized with port(s): 8765 (http)
834   INFO  o.a.coyote.http11.Http11NioProtocol - Initializing ProtocolHandler ["http-nio-8765"]
834   INFO  o.a.catalina.core.StandardService - Starting service [Tomcat]
834   INFO  o.a.catalina.core.StandardEngine - Starting Servlet engine: [Apache Tomcat/9.0.62]
901   INFO  o.a.c.c.C.[Tomcat].[localhost].[/] - Initializing Spring embedded WebApplicationContext
901   INFO  o.s.b.w.s.c.ServletWebServerApplicationContext - Root WebApplicationContext: initialization completed in 517 ms
6069  INFO  o.a.coyote.http11.Http11NioProtocol - Starting ProtocolHandler ["http-nio-8765"]
6081  INFO  o.s.b.w.e.tomcat.TomcatWebServer - Tomcat started on port(s): 8765 (http) with context path ''
6090  INFO  c.J.JavaSpringBootApplication - Started JavaSpringBootApplication in 5.934 seconds (JVM running for 6.518)
9257  INFO  o.a.c.c.C.[Tomcat].[localhost].[/] - Initializing Spring DispatcherServlet 'dispatcherServlet'
9257  INFO  o.s.web.servlet.DispatcherServlet - Initializing Servlet 'dispatcherServlet'
9258  INFO  o.s.web.servlet.DispatcherServlet - Completed initialization in 1 ms
426   INFO  c.J.JavaSpringBootApplication - Starting JavaSpringBootApplication using Java 17.0.1 on LAPTOP-FO55M9GV with PID 27768 (D:\downloadD\kumo-master\Java2SpringBoot\target\classes started by 24321 in D:\downloadD\kumo-master\Java2SpringBoot)
427   INFO  c.J.JavaSpringBootApplication - No active profile set, falling back to 1 default profile: "default"
983   INFO  o.s.b.w.e.tomcat.TomcatWebServer - Tomcat initialized with port(s): 8765 (http)
989   INFO  o.a.coyote.http11.Http11NioProtocol - Initializing ProtocolHandler ["http-nio-8765"]
989   INFO  o.a.catalina.core.StandardService - Starting service [Tomcat]
989   INFO  o.a.catalina.core.StandardEngine - Starting Servlet engine: [Apache Tomcat/9.0.62]
1064  INFO  o.a.c.c.C.[Tomcat].[localhost].[/] - Initializing Spring embedded WebApplicationContext
1064  INFO  o.s.b.w.s.c.ServletWebServerApplicationContext - Root WebApplicationContext: initialization completed in 603 ms
6331  INFO  o.a.coyote.http11.Http11NioProtocol - Starting ProtocolHandler ["http-nio-8765"]
6347  INFO  o.s.b.w.e.tomcat.TomcatWebServer - Tomcat started on port(s): 8765 (http) with context path ''
6355  INFO  c.J.JavaSpringBootApplication - Started JavaSpringBootApplication in 6.144 seconds (JVM running for 6.825)
7508  INFO  o.a.c.c.C.[Tomcat].[localhost].[/] - Initializing Spring DispatcherServlet 'dispatcherServlet'
7508  INFO  o.s.web.servlet.DispatcherServlet - Initializing Servlet 'dispatcherServlet'
7509  INFO  o.s.web.servlet.DispatcherServlet - Completed initialization in 1 ms
377   INFO  c.J.JavaSpringBootApplication - Starting JavaSpringBootApplication using Java 17.0.1 on LAPTOP-FO55M9GV with PID 26072 (D:\downloadD\kumo-master\Java2SpringBoot\target\classes started by 24321 in D:\downloadD\kumo-master\Java2SpringBoot)
379   INFO  c.J.JavaSpringBootApplication - No active profile set, falling back to 1 default profile: "default"
880   INFO  o.s.b.w.e.tomcat.TomcatWebServer - Tomcat initialized with port(s): 8765 (http)
884   INFO  o.a.coyote.http11.Http11NioProtocol - Initializing ProtocolHandler ["http-nio-8765"]
885   INFO  o.a.catalina.core.StandardService - Starting service [Tomcat]
885   INFO  o.a.catalina.core.StandardEngine - Starting Servlet engine: [Apache Tomcat/9.0.62]
954   INFO  o.a.c.c.C.[Tomcat].[localhost].[/] - Initializing Spring embedded WebApplicationContext
954   INFO  o.s.b.w.s.c.ServletWebServerApplicationContext - Root WebApplicationContext: initialization completed in 535 ms
6296  INFO  o.a.coyote.http11.Http11NioProtocol - Starting ProtocolHandler ["http-nio-8765"]
6308  INFO  o.s.b.w.e.tomcat.TomcatWebServer - Tomcat started on port(s): 8765 (http) with context path ''
6314  INFO  c.J.JavaSpringBootApplication - Started JavaSpringBootApplication in 6.142 seconds (JVM running for 6.736)
6427  INFO  o.a.c.c.C.[Tomcat].[localhost].[/] - Initializing Spring DispatcherServlet 'dispatcherServlet'
6427  INFO  o.s.web.servlet.DispatcherServlet - Initializing Servlet 'dispatcherServlet'
6428  INFO  o.s.web.servlet.DispatcherServlet - Completed initialization in 1 ms
1479212 ERROR o.a.c.c.C.[.[.[.[dispatcherServlet] - Servlet.service() for servlet [dispatcherServlet] in context with path [] threw exception [Request processing failed; nested exception is java.lang.NumberFormatException: For input string: "July"] with root cause
java.lang.NumberFormatException: For input string: "July"
	at java.base/java.lang.NumberFormatException.forInputString(NumberFormatException.java:67)
	at java.base/java.lang.Integer.parseInt(Integer.java:668)
	at java.base/java.lang.Integer.parseInt(Integer.java:786)
	at com.Java2Project.controller.WebController.year(WebController.java:53)
	at java.base/jdk.internal.reflect.NativeMethodAccessorImpl.invoke0(Native Method)
	at java.base/jdk.internal.reflect.NativeMethodAccessorImpl.invoke(NativeMethodAccessorImpl.java:77)
	at java.base/jdk.internal.reflect.DelegatingMethodAccessorImpl.invoke(DelegatingMethodAccessorImpl.java:43)
	at java.base/java.lang.reflect.Method.invoke(Method.java:568)
	at org.springframework.web.method.support.InvocableHandlerMethod.doInvoke(InvocableHandlerMethod.java:205)
	at org.springframework.web.method.support.InvocableHandlerMethod.invokeForRequest(InvocableHandlerMethod.java:150)
	at org.springframework.web.servlet.mvc.method.annotation.ServletInvocableHandlerMethod.invokeAndHandle(ServletInvocableHandlerMethod.java:117)
	at org.springframework.web.servlet.mvc.method.annotation.RequestMappingHandlerAdapter.invokeHandlerMethod(RequestMappingHandlerAdapter.java:895)
	at org.springframework.web.servlet.mvc.method.annotation.RequestMappingHandlerAdapter.handleInternal(RequestMappingHandlerAdapter.java:808)
	at org.springframework.web.servlet.mvc.method.AbstractHandlerMethodAdapter.handle(AbstractHandlerMethodAdapter.java:87)
	at org.springframework.web.servlet.DispatcherServlet.doDispatch(DispatcherServlet.java:1067)
	at org.springframework.web.servlet.DispatcherServlet.doService(DispatcherServlet.java:963)
	at org.springframework.web.servlet.FrameworkServlet.processRequest(FrameworkServlet.java:1006)
	at org.springframework.web.servlet.FrameworkServlet.doGet(FrameworkServlet.java:898)
	at javax.servlet.http.HttpServlet.service(HttpServlet.java:655)
	at org.springframework.web.servlet.FrameworkServlet.service(FrameworkServlet.java:883)
	at javax.servlet.http.HttpServlet.service(HttpServlet.java:764)
	at org.apache.catalina.core.ApplicationFilterChain.internalDoFilter(ApplicationFilterChain.java:227)
	at org.apache.catalina.core.ApplicationFilterChain.doFilter(ApplicationFilterChain.java:162)
	at org.apache.tomcat.websocket.server.WsFilter.doFilter(WsFilter.java:53)
	at org.apache.catalina.core.ApplicationFilterChain.internalDoFilter(ApplicationFilterChain.java:189)
	at org.apache.catalina.core.ApplicationFilterChain.doFilter(ApplicationFilterChain.java:162)
	at org.springframework.web.filter.RequestContextFilter.doFilterInternal(RequestContextFilter.java:100)
	at org.springframework.web.filter.OncePerRequestFilter.doFilter(OncePerRequestFilter.java:117)
	at org.apache.catalina.core.ApplicationFilterChain.internalDoFilter(ApplicationFilterChain.java:189)
	at org.apache.catalina.core.ApplicationFilterChain.doFilter(ApplicationFilterChain.java:162)
	at org.springframework.web.filter.FormContentFilter.doFilterInternal(FormContentFilter.java:93)
	at org.springframework.web.filter.OncePerRequestFilter.doFilter(OncePerRequestFilter.java:117)
	at org.apache.catalina.core.ApplicationFilterChain.internalDoFilter(ApplicationFilterChain.java:189)
	at org.apache.catalina.core.ApplicationFilterChain.doFilter(ApplicationFilterChain.java:162)
	at org.springframework.web.filter.CharacterEncodingFilter.doFilterInternal(CharacterEncodingFilter.java:201)
	at org.springframework.web.filter.OncePerRequestFilter.doFilter(OncePerRequestFilter.java:117)
	at org.apache.catalina.core.ApplicationFilterChain.internalDoFilter(ApplicationFilterChain.java:189)
	at org.apache.catalina.core.ApplicationFilterChain.doFilter(ApplicationFilterChain.java:162)
	at org.apache.catalina.core.StandardWrapperValve.invoke(StandardWrapperValve.java:197)
	at org.apache.catalina.core.StandardContextValve.invoke(StandardContextValve.java:97)
	at org.apache.catalina.authenticator.AuthenticatorBase.invoke(AuthenticatorBase.java:541)
	at org.apache.catalina.core.StandardHostValve.invoke(StandardHostValve.java:135)
	at org.apache.catalina.valves.ErrorReportValve.invoke(ErrorReportValve.java:92)
	at org.apache.catalina.core.StandardEngineValve.invoke(StandardEngineValve.java:78)
	at org.apache.catalina.connector.CoyoteAdapter.service(CoyoteAdapter.java:360)
	at org.apache.coyote.http11.Http11Processor.service(Http11Processor.java:399)
	at org.apache.coyote.AbstractProcessorLight.process(AbstractProcessorLight.java:65)
	at org.apache.coyote.AbstractProtocol$ConnectionHandler.process(AbstractProtocol.java:890)
	at org.apache.tomcat.util.net.NioEndpoint$SocketProcessor.doRun(NioEndpoint.java:1743)
	at org.apache.tomcat.util.net.SocketProcessorBase.run(SocketProcessorBase.java:49)
	at org.apache.tomcat.util.threads.ThreadPoolExecutor.runWorker(ThreadPoolExecutor.java:1191)
	at org.apache.tomcat.util.threads.ThreadPoolExecutor$Worker.run(ThreadPoolExecutor.java:659)
	at org.apache.tomcat.util.threads.TaskThread$WrappingRunnable.run(TaskThread.java:61)
	at java.base/java.lang.Thread.run(Thread.java:833)
1500279 ERROR o.a.c.c.C.[.[.[.[dispatcherServlet] - Servlet.service() for servlet [dispatcherServlet] in context with path [] threw exception [Request processing failed; nested exception is java.lang.NumberFormatException: For input string: "July"] with root cause
java.lang.NumberFormatException: For input string: "July"
	at java.base/java.lang.NumberFormatException.forInputString(NumberFormatException.java:67)
	at java.base/java.lang.Integer.parseInt(Integer.java:668)
	at java.base/java.lang.Integer.parseInt(Integer.java:786)
	at com.Java2Project.controller.WebController.year(WebController.java:53)
	at java.base/jdk.internal.reflect.NativeMethodAccessorImpl.invoke0(Native Method)
	at java.base/jdk.internal.reflect.NativeMethodAccessorImpl.invoke(NativeMethodAccessorImpl.java:77)
	at java.base/jdk.internal.reflect.DelegatingMethodAccessorImpl.invoke(DelegatingMethodAccessorImpl.java:43)
	at java.base/java.lang.reflect.Method.invoke(Method.java:568)
	at org.springframework.web.method.support.InvocableHandlerMethod.doInvoke(InvocableHandlerMethod.java:205)
	at org.springframework.web.method.support.InvocableHandlerMethod.invokeForRequest(InvocableHandlerMethod.java:150)
	at org.springframework.web.servlet.mvc.method.annotation.ServletInvocableHandlerMethod.invokeAndHandle(ServletInvocableHandlerMethod.java:117)
	at org.springframework.web.servlet.mvc.method.annotation.RequestMappingHandlerAdapter.invokeHandlerMethod(RequestMappingHandlerAdapter.java:895)
	at org.springframework.web.servlet.mvc.method.annotation.RequestMappingHandlerAdapter.handleInternal(RequestMappingHandlerAdapter.java:808)
	at org.springframework.web.servlet.mvc.method.AbstractHandlerMethodAdapter.handle(AbstractHandlerMethodAdapter.java:87)
	at org.springframework.web.servlet.DispatcherServlet.doDispatch(DispatcherServlet.java:1067)
	at org.springframework.web.servlet.DispatcherServlet.doService(DispatcherServlet.java:963)
	at org.springframework.web.servlet.FrameworkServlet.processRequest(FrameworkServlet.java:1006)
	at org.springframework.web.servlet.FrameworkServlet.doGet(FrameworkServlet.java:898)
	at javax.servlet.http.HttpServlet.service(HttpServlet.java:655)
	at org.springframework.web.servlet.FrameworkServlet.service(FrameworkServlet.java:883)
	at javax.servlet.http.HttpServlet.service(HttpServlet.java:764)
	at org.apache.catalina.core.ApplicationFilterChain.internalDoFilter(ApplicationFilterChain.java:227)
	at org.apache.catalina.core.ApplicationFilterChain.doFilter(ApplicationFilterChain.java:162)
	at org.apache.tomcat.websocket.server.WsFilter.doFilter(WsFilter.java:53)
	at org.apache.catalina.core.ApplicationFilterChain.internalDoFilter(ApplicationFilterChain.java:189)
	at org.apache.catalina.core.ApplicationFilterChain.doFilter(ApplicationFilterChain.java:162)
	at org.springframework.web.filter.RequestContextFilter.doFilterInternal(RequestContextFilter.java:100)
	at org.springframework.web.filter.OncePerRequestFilter.doFilter(OncePerRequestFilter.java:117)
	at org.apache.catalina.core.ApplicationFilterChain.internalDoFilter(ApplicationFilterChain.java:189)
	at org.apache.catalina.core.ApplicationFilterChain.doFilter(ApplicationFilterChain.java:162)
	at org.springframework.web.filter.FormContentFilter.doFilterInternal(FormContentFilter.java:93)
	at org.springframework.web.filter.OncePerRequestFilter.doFilter(OncePerRequestFilter.java:117)
	at org.apache.catalina.core.ApplicationFilterChain.internalDoFilter(ApplicationFilterChain.java:189)
	at org.apache.catalina.core.ApplicationFilterChain.doFilter(ApplicationFilterChain.java:162)
	at org.springframework.web.filter.CharacterEncodingFilter.doFilterInternal(CharacterEncodingFilter.java:201)
	at org.springframework.web.filter.OncePerRequestFilter.doFilter(OncePerRequestFilter.java:117)
	at org.apache.catalina.core.ApplicationFilterChain.internalDoFilter(ApplicationFilterChain.java:189)
	at org.apache.catalina.core.ApplicationFilterChain.doFilter(ApplicationFilterChain.java:162)
	at org.apache.catalina.core.StandardWrapperValve.invoke(StandardWrapperValve.java:197)
	at org.apache.catalina.core.StandardContextValve.invoke(StandardContextValve.java:97)
	at org.apache.catalina.authenticator.AuthenticatorBase.invoke(AuthenticatorBase.java:541)
	at org.apache.catalina.core.StandardHostValve.invoke(StandardHostValve.java:135)
	at org.apache.catalina.valves.ErrorReportValve.invoke(ErrorReportValve.java:92)
	at org.apache.catalina.core.StandardEngineValve.invoke(StandardEngineValve.java:78)
	at org.apache.catalina.connector.CoyoteAdapter.service(CoyoteAdapter.java:360)
	at org.apache.coyote.http11.Http11Processor.service(Http11Processor.java:399)
	at org.apache.coyote.AbstractProcessorLight.process(AbstractProcessorLight.java:65)
	at org.apache.coyote.AbstractProtocol$ConnectionHandler.process(AbstractProtocol.java:890)
	at org.apache.tomcat.util.net.NioEndpoint$SocketProcessor.doRun(NioEndpoint.java:1743)
	at org.apache.tomcat.util.net.SocketProcessorBase.run(SocketProcessorBase.java:49)
	at org.apache.tomcat.util.threads.ThreadPoolExecutor.runWorker(ThreadPoolExecutor.java:1191)
	at org.apache.tomcat.util.threads.ThreadPoolExecutor$Worker.run(ThreadPoolExecutor.java:659)
	at org.apache.tomcat.util.threads.TaskThread$WrappingRunnable.run(TaskThread.java:61)
	at java.base/java.lang.Thread.run(Thread.java:833)
1525609 ERROR o.a.c.c.C.[.[.[.[dispatcherServlet] - Servlet.service() for servlet [dispatcherServlet] in context with path [] threw exception [Request processing failed; nested exception is java.lang.NumberFormatException: For input string: "June"] with root cause
java.lang.NumberFormatException: For input string: "June"
	at java.base/java.lang.NumberFormatException.forInputString(NumberFormatException.java:67)
	at java.base/java.lang.Integer.parseInt(Integer.java:668)
	at java.base/java.lang.Integer.parseInt(Integer.java:786)
	at com.Java2Project.controller.WebController.year(WebController.java:53)
	at java.base/jdk.internal.reflect.NativeMethodAccessorImpl.invoke0(Native Method)
	at java.base/jdk.internal.reflect.NativeMethodAccessorImpl.invoke(NativeMethodAccessorImpl.java:77)
	at java.base/jdk.internal.reflect.DelegatingMethodAccessorImpl.invoke(DelegatingMethodAccessorImpl.java:43)
	at java.base/java.lang.reflect.Method.invoke(Method.java:568)
	at org.springframework.web.method.support.InvocableHandlerMethod.doInvoke(InvocableHandlerMethod.java:205)
	at org.springframework.web.method.support.InvocableHandlerMethod.invokeForRequest(InvocableHandlerMethod.java:150)
	at org.springframework.web.servlet.mvc.method.annotation.ServletInvocableHandlerMethod.invokeAndHandle(ServletInvocableHandlerMethod.java:117)
	at org.springframework.web.servlet.mvc.method.annotation.RequestMappingHandlerAdapter.invokeHandlerMethod(RequestMappingHandlerAdapter.java:895)
	at org.springframework.web.servlet.mvc.method.annotation.RequestMappingHandlerAdapter.handleInternal(RequestMappingHandlerAdapter.java:808)
	at org.springframework.web.servlet.mvc.method.AbstractHandlerMethodAdapter.handle(AbstractHandlerMethodAdapter.java:87)
	at org.springframework.web.servlet.DispatcherServlet.doDispatch(DispatcherServlet.java:1067)
	at org.springframework.web.servlet.DispatcherServlet.doService(DispatcherServlet.java:963)
	at org.springframework.web.servlet.FrameworkServlet.processRequest(FrameworkServlet.java:1006)
	at org.springframework.web.servlet.FrameworkServlet.doGet(FrameworkServlet.java:898)
	at javax.servlet.http.HttpServlet.service(HttpServlet.java:655)
	at org.springframework.web.servlet.FrameworkServlet.service(FrameworkServlet.java:883)
	at javax.servlet.http.HttpServlet.service(HttpServlet.java:764)
	at org.apache.catalina.core.ApplicationFilterChain.internalDoFilter(ApplicationFilterChain.java:227)
	at org.apache.catalina.core.ApplicationFilterChain.doFilter(ApplicationFilterChain.java:162)
	at org.apache.tomcat.websocket.server.WsFilter.doFilter(WsFilter.java:53)
	at org.apache.catalina.core.ApplicationFilterChain.internalDoFilter(ApplicationFilterChain.java:189)
	at org.apache.catalina.core.ApplicationFilterChain.doFilter(ApplicationFilterChain.java:162)
	at org.springframework.web.filter.RequestContextFilter.doFilterInternal(RequestContextFilter.java:100)
	at org.springframework.web.filter.OncePerRequestFilter.doFilter(OncePerRequestFilter.java:117)
	at org.apache.catalina.core.ApplicationFilterChain.internalDoFilter(ApplicationFilterChain.java:189)
	at org.apache.catalina.core.ApplicationFilterChain.doFilter(ApplicationFilterChain.java:162)
	at org.springframework.web.filter.FormContentFilter.doFilterInternal(FormContentFilter.java:93)
	at org.springframework.web.filter.OncePerRequestFilter.doFilter(OncePerRequestFilter.java:117)
	at org.apache.catalina.core.ApplicationFilterChain.internalDoFilter(ApplicationFilterChain.java:189)
	at org.apache.catalina.core.ApplicationFilterChain.doFilter(ApplicationFilterChain.java:162)
	at org.springframework.web.filter.CharacterEncodingFilter.doFilterInternal(CharacterEncodingFilter.java:201)
	at org.springframework.web.filter.OncePerRequestFilter.doFilter(OncePerRequestFilter.java:117)
	at org.apache.catalina.core.ApplicationFilterChain.internalDoFilter(ApplicationFilterChain.java:189)
	at org.apache.catalina.core.ApplicationFilterChain.doFilter(ApplicationFilterChain.java:162)
	at org.apache.catalina.core.StandardWrapperValve.invoke(StandardWrapperValve.java:197)
	at org.apache.catalina.core.StandardContextValve.invoke(StandardContextValve.java:97)
	at org.apache.catalina.authenticator.AuthenticatorBase.invoke(AuthenticatorBase.java:541)
	at org.apache.catalina.core.StandardHostValve.invoke(StandardHostValve.java:135)
	at org.apache.catalina.valves.ErrorReportValve.invoke(ErrorReportValve.java:92)
	at org.apache.catalina.core.StandardEngineValve.invoke(StandardEngineValve.java:78)
	at org.apache.catalina.connector.CoyoteAdapter.service(CoyoteAdapter.java:360)
	at org.apache.coyote.http11.Http11Processor.service(Http11Processor.java:399)
	at org.apache.coyote.AbstractProcessorLight.process(AbstractProcessorLight.java:65)
	at org.apache.coyote.AbstractProtocol$ConnectionHandler.process(AbstractProtocol.java:890)
	at org.apache.tomcat.util.net.NioEndpoint$SocketProcessor.doRun(NioEndpoint.java:1743)
	at org.apache.tomcat.util.net.SocketProcessorBase.run(SocketProcessorBase.java:49)
	at org.apache.tomcat.util.threads.ThreadPoolExecutor.runWorker(ThreadPoolExecutor.java:1191)
	at org.apache.tomcat.util.threads.ThreadPoolExecutor$Worker.run(ThreadPoolExecutor.java:659)
	at org.apache.tomcat.util.threads.TaskThread$WrappingRunnable.run(TaskThread.java:61)
	at java.base/java.lang.Thread.run(Thread.java:833)
2450866 ERROR o.a.c.c.C.[.[.[.[dispatcherServlet] - Servlet.service() for servlet [dispatcherServlet] in context with path [] threw exception [Request processing failed; nested exception is java.lang.NumberFormatException: For input string: "July"] with root cause
java.lang.NumberFormatException: For input string: "July"
	at java.base/java.lang.NumberFormatException.forInputString(NumberFormatException.java:67)
	at java.base/java.lang.Integer.parseInt(Integer.java:668)
	at java.base/java.lang.Integer.parseInt(Integer.java:786)
	at com.Java2Project.controller.WebController.year(WebController.java:53)
	at jdk.internal.reflect.GeneratedMethodAccessor30.invoke(Unknown Source)
	at java.base/jdk.internal.reflect.DelegatingMethodAccessorImpl.invoke(DelegatingMethodAccessorImpl.java:43)
	at java.base/java.lang.reflect.Method.invoke(Method.java:568)
	at org.springframework.web.method.support.InvocableHandlerMethod.doInvoke(InvocableHandlerMethod.java:205)
	at org.springframework.web.method.support.InvocableHandlerMethod.invokeForRequest(InvocableHandlerMethod.java:150)
	at org.springframework.web.servlet.mvc.method.annotation.ServletInvocableHandlerMethod.invokeAndHandle(ServletInvocableHandlerMethod.java:117)
	at org.springframework.web.servlet.mvc.method.annotation.RequestMappingHandlerAdapter.invokeHandlerMethod(RequestMappingHandlerAdapter.java:895)
	at org.springframework.web.servlet.mvc.method.annotation.RequestMappingHandlerAdapter.handleInternal(RequestMappingHandlerAdapter.java:808)
	at org.springframework.web.servlet.mvc.method.AbstractHandlerMethodAdapter.handle(AbstractHandlerMethodAdapter.java:87)
	at org.springframework.web.servlet.DispatcherServlet.doDispatch(DispatcherServlet.java:1067)
	at org.springframework.web.servlet.DispatcherServlet.doService(DispatcherServlet.java:963)
	at org.springframework.web.servlet.FrameworkServlet.processRequest(FrameworkServlet.java:1006)
	at org.springframework.web.servlet.FrameworkServlet.doGet(FrameworkServlet.java:898)
	at javax.servlet.http.HttpServlet.service(HttpServlet.java:655)
	at org.springframework.web.servlet.FrameworkServlet.service(FrameworkServlet.java:883)
	at javax.servlet.http.HttpServlet.service(HttpServlet.java:764)
	at org.apache.catalina.core.ApplicationFilterChain.internalDoFilter(ApplicationFilterChain.java:227)
	at org.apache.catalina.core.ApplicationFilterChain.doFilter(ApplicationFilterChain.java:162)
	at org.apache.tomcat.websocket.server.WsFilter.doFilter(WsFilter.java:53)
	at org.apache.catalina.core.ApplicationFilterChain.internalDoFilter(ApplicationFilterChain.java:189)
	at org.apache.catalina.core.ApplicationFilterChain.doFilter(ApplicationFilterChain.java:162)
	at org.springframework.web.filter.RequestContextFilter.doFilterInternal(RequestContextFilter.java:100)
	at org.springframework.web.filter.OncePerRequestFilter.doFilter(OncePerRequestFilter.java:117)
	at org.apache.catalina.core.ApplicationFilterChain.internalDoFilter(ApplicationFilterChain.java:189)
	at org.apache.catalina.core.ApplicationFilterChain.doFilter(ApplicationFilterChain.java:162)
	at org.springframework.web.filter.FormContentFilter.doFilterInternal(FormContentFilter.java:93)
	at org.springframework.web.filter.OncePerRequestFilter.doFilter(OncePerRequestFilter.java:117)
	at org.apache.catalina.core.ApplicationFilterChain.internalDoFilter(ApplicationFilterChain.java:189)
	at org.apache.catalina.core.ApplicationFilterChain.doFilter(ApplicationFilterChain.java:162)
	at org.springframework.web.filter.CharacterEncodingFilter.doFilterInternal(CharacterEncodingFilter.java:201)
	at org.springframework.web.filter.OncePerRequestFilter.doFilter(OncePerRequestFilter.java:117)
	at org.apache.catalina.core.ApplicationFilterChain.internalDoFilter(ApplicationFilterChain.java:189)
	at org.apache.catalina.core.ApplicationFilterChain.doFilter(ApplicationFilterChain.java:162)
	at org.apache.catalina.core.StandardWrapperValve.invoke(StandardWrapperValve.java:197)
	at org.apache.catalina.core.StandardContextValve.invoke(StandardContextValve.java:97)
	at org.apache.catalina.authenticator.AuthenticatorBase.invoke(AuthenticatorBase.java:541)
	at org.apache.catalina.core.StandardHostValve.invoke(StandardHostValve.java:135)
	at org.apache.catalina.valves.ErrorReportValve.invoke(ErrorReportValve.java:92)
	at org.apache.catalina.core.StandardEngineValve.invoke(StandardEngineValve.java:78)
	at org.apache.catalina.connector.CoyoteAdapter.service(CoyoteAdapter.java:360)
	at org.apache.coyote.http11.Http11Processor.service(Http11Processor.java:399)
	at org.apache.coyote.AbstractProcessorLight.process(AbstractProcessorLight.java:65)
	at org.apache.coyote.AbstractProtocol$ConnectionHandler.process(AbstractProtocol.java:890)
	at org.apache.tomcat.util.net.NioEndpoint$SocketProcessor.doRun(NioEndpoint.java:1743)
	at org.apache.tomcat.util.net.SocketProcessorBase.run(SocketProcessorBase.java:49)
	at org.apache.tomcat.util.threads.ThreadPoolExecutor.runWorker(ThreadPoolExecutor.java:1191)
	at org.apache.tomcat.util.threads.ThreadPoolExecutor$Worker.run(ThreadPoolExecutor.java:659)
	at org.apache.tomcat.util.threads.TaskThread$WrappingRunnable.run(TaskThread.java:61)
	at java.base/java.lang.Thread.run(Thread.java:833)
934   INFO  c.J.JavaSpringBootApplication - Starting JavaSpringBootApplication using Java 1.8.0_261 on 黄柯睿的电脑 with PID 23164 (E:\CS_Project\Java_Project\JavaSpringBoot\target\classes started by Bronya in E:\CS_Project\Java_Project\JavaSpringBoot)
938   INFO  c.J.JavaSpringBootApplication - No active profile set, falling back to 1 default profile: "default"
2127  INFO  o.s.b.w.e.tomcat.TomcatWebServer - Tomcat initialized with port(s): 8765 (http)
2140  INFO  o.a.coyote.http11.Http11NioProtocol - Initializing ProtocolHandler ["http-nio-8765"]
2140  INFO  o.a.catalina.core.StandardService - Starting service [Tomcat]
2141  INFO  o.a.catalina.core.StandardEngine - Starting Servlet engine: [Apache Tomcat/9.0.62]
2307  INFO  o.a.c.c.C.[Tomcat].[localhost].[/] - Initializing Spring embedded WebApplicationContext
2307  INFO  o.s.b.w.s.c.ServletWebServerApplicationContext - Root WebApplicationContext: initialization completed in 1298 ms
7533  INFO  o.a.coyote.http11.Http11NioProtocol - Starting ProtocolHandler ["http-nio-8765"]
7554  INFO  o.s.b.w.e.tomcat.TomcatWebServer - Tomcat started on port(s): 8765 (http) with context path ''
7566  INFO  c.J.JavaSpringBootApplication - Started JavaSpringBootApplication in 7.192 seconds (JVM running for 9.21)
85798 INFO  o.a.c.c.C.[Tomcat].[localhost].[/] - Initializing Spring DispatcherServlet 'dispatcherServlet'
85799 INFO  o.s.web.servlet.DispatcherServlet - Initializing Servlet 'dispatcherServlet'
85800 INFO  o.s.web.servlet.DispatcherServlet - Completed initialization in 1 ms
695   INFO  c.J.JavaSpringBootApplication - Starting JavaSpringBootApplication using Java 1.8.0_261 on 黄柯睿的电脑 with PID 23796 (E:\CS_Project\Java_Project\JavaSpringBoot\target\classes started by Bronya in E:\CS_Project\Java_Project\JavaSpringBoot)
698   INFO  c.J.JavaSpringBootApplication - No active profile set, falling back to 1 default profile: "default"
1696  INFO  o.s.b.w.e.tomcat.TomcatWebServer - Tomcat initialized with port(s): 8765 (http)
1706  INFO  o.a.coyote.http11.Http11NioProtocol - Initializing ProtocolHandler ["http-nio-8765"]
1707  INFO  o.a.catalina.core.StandardService - Starting service [Tomcat]
1707  INFO  o.a.catalina.core.StandardEngine - Starting Servlet engine: [Apache Tomcat/9.0.62]
1849  INFO  o.a.c.c.C.[Tomcat].[localhost].[/] - Initializing Spring embedded WebApplicationContext
1849  INFO  o.s.b.w.s.c.ServletWebServerApplicationContext - Root WebApplicationContext: initialization completed in 1094 ms
6930  INFO  o.a.coyote.http11.Http11NioProtocol - Starting ProtocolHandler ["http-nio-8765"]
6949  INFO  o.s.b.w.e.tomcat.TomcatWebServer - Tomcat started on port(s): 8765 (http) with context path ''
6959  INFO  c.J.JavaSpringBootApplication - Started JavaSpringBootApplication in 6.695 seconds (JVM running for 8.527)
10095 INFO  o.a.c.c.C.[Tomcat].[localhost].[/] - Initializing Spring DispatcherServlet 'dispatcherServlet'
10096 INFO  o.s.web.servlet.DispatcherServlet - Initializing Servlet 'dispatcherServlet'
10097 INFO  o.s.web.servlet.DispatcherServlet - Completed initialization in 1 ms
692   INFO  c.J.JavaSpringBootApplication - Starting JavaSpringBootApplication using Java 1.8.0_261 on 黄柯睿的电脑 with PID 22592 (E:\CS_Project\Java_Project\JavaSpringBoot\target\classes started by Bronya in E:\CS_Project\Java_Project\JavaSpringBoot)
695   INFO  c.J.JavaSpringBootApplication - No active profile set, falling back to 1 default profile: "default"
1690  INFO  o.s.b.w.e.tomcat.TomcatWebServer - Tomcat initialized with port(s): 8765 (http)
1700  INFO  o.a.coyote.http11.Http11NioProtocol - Initializing ProtocolHandler ["http-nio-8765"]
1701  INFO  o.a.catalina.core.StandardService - Starting service [Tomcat]
1701  INFO  o.a.catalina.core.StandardEngine - Starting Servlet engine: [Apache Tomcat/9.0.62]
1847  INFO  o.a.c.c.C.[Tomcat].[localhost].[/] - Initializing Spring embedded WebApplicationContext
1847  INFO  o.s.b.w.s.c.ServletWebServerApplicationContext - Root WebApplicationContext: initialization completed in 1095 ms
7144  INFO  o.a.coyote.http11.Http11NioProtocol - Starting ProtocolHandler ["http-nio-8765"]
7162  INFO  o.s.b.w.e.tomcat.TomcatWebServer - Tomcat started on port(s): 8765 (http) with context path ''
7174  INFO  c.J.JavaSpringBootApplication - Started JavaSpringBootApplication in 6.911 seconds (JVM running for 8.734)
9219  INFO  o.a.c.c.C.[Tomcat].[localhost].[/] - Initializing Spring DispatcherServlet 'dispatcherServlet'
9220  INFO  o.s.web.servlet.DispatcherServlet - Initializing Servlet 'dispatcherServlet'
9220  INFO  o.s.web.servlet.DispatcherServlet - Completed initialization in 0 ms
706   INFO  c.J.JavaSpringBootApplication - Starting JavaSpringBootApplication using Java 1.8.0_261 on 黄柯睿的电脑 with PID 13572 (E:\CS_Project\Java_Project\JavaSpringBoot\target\classes started by Bronya in E:\CS_Project\Java_Project\JavaSpringBoot)
709   INFO  c.J.JavaSpringBootApplication - No active profile set, falling back to 1 default profile: "default"
1709  INFO  o.s.b.w.e.tomcat.TomcatWebServer - Tomcat initialized with port(s): 8765 (http)
1719  INFO  o.a.coyote.http11.Http11NioProtocol - Initializing ProtocolHandler ["http-nio-8765"]
1720  INFO  o.a.catalina.core.StandardService - Starting service [Tomcat]
1720  INFO  o.a.catalina.core.StandardEngine - Starting Servlet engine: [Apache Tomcat/9.0.62]
1862  INFO  o.a.c.c.C.[Tomcat].[localhost].[/] - Initializing Spring embedded WebApplicationContext
1863  INFO  o.s.b.w.s.c.ServletWebServerApplicationContext - Root WebApplicationContext: initialization completed in 1097 ms
7358  INFO  o.a.coyote.http11.Http11NioProtocol - Starting ProtocolHandler ["http-nio-8765"]
7379  INFO  o.s.b.w.e.tomcat.TomcatWebServer - Tomcat started on port(s): 8765 (http) with context path ''
7389  INFO  c.J.JavaSpringBootApplication - Started JavaSpringBootApplication in 7.121 seconds (JVM running for 8.947)
9425  INFO  o.a.c.c.C.[Tomcat].[localhost].[/] - Initializing Spring DispatcherServlet 'dispatcherServlet'
9425  INFO  o.s.web.servlet.DispatcherServlet - Initializing Servlet 'dispatcherServlet'
9426  INFO  o.s.web.servlet.DispatcherServlet - Completed initialization in 1 ms
697   INFO  c.J.JavaSpringBootApplication - Starting JavaSpringBootApplication using Java 1.8.0_261 on 黄柯睿的电脑 with PID 11580 (E:\CS_Project\Java_Project\JavaSpringBoot\target\classes started by Bronya in E:\CS_Project\Java_Project\JavaSpringBoot)
700   INFO  c.J.JavaSpringBootApplication - No active profile set, falling back to 1 default profile: "default"
1672  INFO  o.s.b.w.e.tomcat.TomcatWebServer - Tomcat initialized with port(s): 8765 (http)
1682  INFO  o.a.coyote.http11.Http11NioProtocol - Initializing ProtocolHandler ["http-nio-8765"]
1682  INFO  o.a.catalina.core.StandardService - Starting service [Tomcat]
1683  INFO  o.a.catalina.core.StandardEngine - Starting Servlet engine: [Apache Tomcat/9.0.62]
1829  INFO  o.a.c.c.C.[Tomcat].[localhost].[/] - Initializing Spring embedded WebApplicationContext
1829  INFO  o.s.b.w.s.c.ServletWebServerApplicationContext - Root WebApplicationContext: initialization completed in 1075 ms
7019  INFO  o.a.coyote.http11.Http11NioProtocol - Starting ProtocolHandler ["http-nio-8765"]
7038  INFO  o.s.b.w.e.tomcat.TomcatWebServer - Tomcat started on port(s): 8765 (http) with context path ''
7049  INFO  c.J.JavaSpringBootApplication - Started JavaSpringBootApplication in 6.781 seconds (JVM running for 8.619)
8833  INFO  o.a.c.c.C.[Tomcat].[localhost].[/] - Initializing Spring DispatcherServlet 'dispatcherServlet'
8833  INFO  o.s.web.servlet.DispatcherServlet - Initializing Servlet 'dispatcherServlet'
8834  INFO  o.s.web.servlet.DispatcherServlet - Completed initialization in 1 ms
22925 ERROR o.a.c.c.C.[.[.[.[dispatcherServlet] - Servlet.service() for servlet [dispatcherServlet] in context with path [] threw exception [Request processing failed; nested exception is java.lang.NumberFormatException: For input string: "July"] with root cause
java.lang.NumberFormatException: For input string: "July"
	at java.lang.NumberFormatException.forInputString(NumberFormatException.java:65)
	at java.lang.Integer.parseInt(Integer.java:580)
	at java.lang.Integer.parseInt(Integer.java:615)
	at com.Java2Project.controller.WebController.year(WebController.java:53)
	at sun.reflect.NativeMethodAccessorImpl.invoke0(Native Method)
	at sun.reflect.NativeMethodAccessorImpl.invoke(NativeMethodAccessorImpl.java:62)
	at sun.reflect.DelegatingMethodAccessorImpl.invoke(DelegatingMethodAccessorImpl.java:43)
	at java.lang.reflect.Method.invoke(Method.java:498)
	at org.springframework.web.method.support.InvocableHandlerMethod.doInvoke(InvocableHandlerMethod.java:205)
	at org.springframework.web.method.support.InvocableHandlerMethod.invokeForRequest(InvocableHandlerMethod.java:150)
	at org.springframework.web.servlet.mvc.method.annotation.ServletInvocableHandlerMethod.invokeAndHandle(ServletInvocableHandlerMethod.java:117)
	at org.springframework.web.servlet.mvc.method.annotation.RequestMappingHandlerAdapter.invokeHandlerMethod(RequestMappingHandlerAdapter.java:895)
	at org.springframework.web.servlet.mvc.method.annotation.RequestMappingHandlerAdapter.handleInternal(RequestMappingHandlerAdapter.java:808)
	at org.springframework.web.servlet.mvc.method.AbstractHandlerMethodAdapter.handle(AbstractHandlerMethodAdapter.java:87)
	at org.springframework.web.servlet.DispatcherServlet.doDispatch(DispatcherServlet.java:1067)
	at org.springframework.web.servlet.DispatcherServlet.doService(DispatcherServlet.java:963)
	at org.springframework.web.servlet.FrameworkServlet.processRequest(FrameworkServlet.java:1006)
	at org.springframework.web.servlet.FrameworkServlet.doGet(FrameworkServlet.java:898)
	at javax.servlet.http.HttpServlet.service(HttpServlet.java:655)
	at org.springframework.web.servlet.FrameworkServlet.service(FrameworkServlet.java:883)
	at javax.servlet.http.HttpServlet.service(HttpServlet.java:764)
	at org.apache.catalina.core.ApplicationFilterChain.internalDoFilter(ApplicationFilterChain.java:227)
	at org.apache.catalina.core.ApplicationFilterChain.doFilter(ApplicationFilterChain.java:162)
	at org.apache.tomcat.websocket.server.WsFilter.doFilter(WsFilter.java:53)
	at org.apache.catalina.core.ApplicationFilterChain.internalDoFilter(ApplicationFilterChain.java:189)
	at org.apache.catalina.core.ApplicationFilterChain.doFilter(ApplicationFilterChain.java:162)
	at org.springframework.web.filter.RequestContextFilter.doFilterInternal(RequestContextFilter.java:100)
	at org.springframework.web.filter.OncePerRequestFilter.doFilter(OncePerRequestFilter.java:117)
	at org.apache.catalina.core.ApplicationFilterChain.internalDoFilter(ApplicationFilterChain.java:189)
	at org.apache.catalina.core.ApplicationFilterChain.doFilter(ApplicationFilterChain.java:162)
	at org.springframework.web.filter.FormContentFilter.doFilterInternal(FormContentFilter.java:93)
	at org.springframework.web.filter.OncePerRequestFilter.doFilter(OncePerRequestFilter.java:117)
	at org.apache.catalina.core.ApplicationFilterChain.internalDoFilter(ApplicationFilterChain.java:189)
	at org.apache.catalina.core.ApplicationFilterChain.doFilter(ApplicationFilterChain.java:162)
	at org.springframework.web.filter.CharacterEncodingFilter.doFilterInternal(CharacterEncodingFilter.java:201)
	at org.springframework.web.filter.OncePerRequestFilter.doFilter(OncePerRequestFilter.java:117)
	at org.apache.catalina.core.ApplicationFilterChain.internalDoFilter(ApplicationFilterChain.java:189)
	at org.apache.catalina.core.ApplicationFilterChain.doFilter(ApplicationFilterChain.java:162)
	at org.apache.catalina.core.StandardWrapperValve.invoke(StandardWrapperValve.java:197)
	at org.apache.catalina.core.StandardContextValve.invoke(StandardContextValve.java:97)
	at org.apache.catalina.authenticator.AuthenticatorBase.invoke(AuthenticatorBase.java:541)
	at org.apache.catalina.core.StandardHostValve.invoke(StandardHostValve.java:135)
	at org.apache.catalina.valves.ErrorReportValve.invoke(ErrorReportValve.java:92)
	at org.apache.catalina.core.StandardEngineValve.invoke(StandardEngineValve.java:78)
	at org.apache.catalina.connector.CoyoteAdapter.service(CoyoteAdapter.java:360)
	at org.apache.coyote.http11.Http11Processor.service(Http11Processor.java:399)
	at org.apache.coyote.AbstractProcessorLight.process(AbstractProcessorLight.java:65)
	at org.apache.coyote.AbstractProtocol$ConnectionHandler.process(AbstractProtocol.java:890)
	at org.apache.tomcat.util.net.NioEndpoint$SocketProcessor.doRun(NioEndpoint.java:1743)
	at org.apache.tomcat.util.net.SocketProcessorBase.run(SocketProcessorBase.java:49)
	at org.apache.tomcat.util.threads.ThreadPoolExecutor.runWorker(ThreadPoolExecutor.java:1191)
	at org.apache.tomcat.util.threads.ThreadPoolExecutor$Worker.run(ThreadPoolExecutor.java:659)
	at org.apache.tomcat.util.threads.TaskThread$WrappingRunnable.run(TaskThread.java:61)
	at java.lang.Thread.run(Thread.java:748)
